2024-03-22 21:59:32,396 £ü ERROR £ü milvus_helpers.py £ü __init__ £ü 17 £ü Failed to connect Milvus: <MilvusException: (code=2, message=Fail connecting to server on 101.200.135.154:19530. Timeout)>
2024-03-22 22:01:00,901 £ü DEBUG £ü milvus_helpers.py £ü __init__ £ü 15 £ü Successfully connect to Milvus with HOST: 101.200.135.154 and PORT: 19530
2024-03-22 22:01:00,932 £ü ERROR £ü milvus_helpers.py £ü set_collection £ü 24 £ü Failed to set collection in Milvus: <SchemaNotReadyException: (code=1, message=Collection 'milvus_collection1' not exist, or you can pass in schema to create one.)>
2024-03-22 22:06:03,321 £ü DEBUG £ü milvus_helpers.py £ü __init__ £ü 15 £ü Successfully connect to Milvus with HOST: 101.200.135.154 and PORT: 19530
2024-03-22 22:06:03,433 £ü ERROR £ü decorators.py £ü handler £ü 134 £ü RPC error: [create_collection], <MilvusException: (code=65535, message=string data type not supported yet, please use VarChar type instead)>, <Time:{'RPC start': '2024-03-22 22:06:03.331081', 'RPC error': '2024-03-22 22:06:03.433145'}>
2024-03-22 22:06:03,433 £ü ERROR £ü milvus_helpers.py £ü create_collection £ü 48 £ü Failed create collection in Milvus: <MilvusException: (code=65535, message=string data type not supported yet, please use VarChar type instead)>
2024-03-22 22:06:24,092 £ü DEBUG £ü milvus_helpers.py £ü __init__ £ü 15 £ü Successfully connect to Milvus with HOST: 101.200.135.154 and PORT: 19530
2024-03-22 22:06:38,082 £ü DEBUG £ü milvus_helpers.py £ü __init__ £ü 15 £ü Successfully connect to Milvus with HOST: 101.200.135.154 and PORT: 19530
2024-03-22 22:06:38,100 £ü ERROR £ü decorators.py £ü handler £ü 134 £ü RPC error: [create_collection], <MilvusException: (code=65535, message=type param(max_length) should be specified for varChar field of collection milvus_collection1)>, <Time:{'RPC start': '2024-03-22 22:06:38.093763', 'RPC error': '2024-03-22 22:06:38.100763'}>
2024-03-22 22:06:38,100 £ü ERROR £ü milvus_helpers.py £ü create_collection £ü 48 £ü Failed create collection in Milvus: <MilvusException: (code=65535, message=type param(max_length) should be specified for varChar field of collection milvus_collection1)>
2024-03-22 22:07:49,409 £ü DEBUG £ü milvus_helpers.py £ü __init__ £ü 15 £ü Successfully connect to Milvus with HOST: 101.200.135.154 and PORT: 19530
2024-03-22 22:07:49,794 £ü DEBUG £ü milvus_helpers.py £ü create_collection £ü 45 £ü Create Milvus collection: milvus_collection1
2024-03-22 22:10:01,080 £ü DEBUG £ü milvus_helpers.py £ü __init__ £ü 15 £ü Successfully connect to Milvus with HOST: 101.200.135.154 and PORT: 19530
2024-03-22 22:20:32,547 £ü DEBUG £ü milvus_helpers.py £ü __init__ £ü 15 £ü Successfully connect to Milvus with HOST: 101.200.135.154 and PORT: 19530
2024-03-22 22:20:34,423 £ü ERROR £ü milvus_helpers.py £ü insert £ü 62 £ü Failed to insert data to Milvus: <DataTypeNotSupportException: (code=1, message=data should be a list of list)>
2024-03-22 22:21:45,952 £ü DEBUG £ü milvus_helpers.py £ü __init__ £ü 15 £ü Successfully connect to Milvus with HOST: 101.200.135.154 and PORT: 19530
2024-03-22 22:21:47,935 £ü DEBUG £ü milvus_helpers.py £ü insert £ü 58 £ü Insert vectors to Milvus in collection: milvus_collection1 with 3 rows
2024-03-22 22:21:48,200 £ü DEBUG £ü milvus_helpers.py £ü insert £ü 58 £ü Insert vectors to Milvus in collection: milvus_collection1 with 3 rows
2024-03-22 22:21:48,469 £ü DEBUG £ü milvus_helpers.py £ü insert £ü 58 £ü Insert vectors to Milvus in collection: milvus_collection1 with 3 rows
2024-03-22 22:21:48,732 £ü DEBUG £ü milvus_helpers.py £ü insert £ü 58 £ü Insert vectors to Milvus in collection: milvus_collection1 with 3 rows
2024-03-22 22:21:48,990 £ü DEBUG £ü milvus_helpers.py £ü insert £ü 58 £ü Insert vectors to Milvus in collection: milvus_collection1 with 3 rows
2024-03-22 22:21:49,251 £ü DEBUG £ü milvus_helpers.py £ü insert £ü 58 £ü Insert vectors to Milvus in collection: milvus_collection1 with 3 rows
2024-03-22 22:21:49,510 £ü DEBUG £ü milvus_helpers.py £ü insert £ü 58 £ü Insert vectors to Milvus in collection: milvus_collection1 with 3 rows
2024-03-22 22:21:49,766 £ü DEBUG £ü milvus_helpers.py £ü insert £ü 58 £ü Insert vectors to Milvus in collection: milvus_collection1 with 3 rows
2024-03-22 22:21:50,041 £ü DEBUG £ü milvus_helpers.py £ü insert £ü 58 £ü Insert vectors to Milvus in collection: milvus_collection1 with 3 rows
2024-03-22 22:21:50,314 £ü DEBUG £ü milvus_helpers.py £ü insert £ü 58 £ü Insert vectors to Milvus in collection: milvus_collection1 with 3 rows
2024-03-22 22:21:50,578 £ü DEBUG £ü milvus_helpers.py £ü insert £ü 58 £ü Insert vectors to Milvus in collection: milvus_collection1 with 3 rows
2024-03-22 22:21:50,836 £ü DEBUG £ü milvus_helpers.py £ü insert £ü 58 £ü Insert vectors to Milvus in collection: milvus_collection1 with 3 rows
2024-03-22 22:21:51,120 £ü DEBUG £ü milvus_helpers.py £ü insert £ü 58 £ü Insert vectors to Milvus in collection: milvus_collection1 with 3 rows
2024-03-22 22:21:51,420 £ü DEBUG £ü milvus_helpers.py £ü insert £ü 58 £ü Insert vectors to Milvus in collection: milvus_collection1 with 3 rows
2024-03-22 22:21:51,712 £ü DEBUG £ü milvus_helpers.py £ü insert £ü 58 £ü Insert vectors to Milvus in collection: milvus_collection1 with 3 rows
2024-03-22 22:21:52,014 £ü DEBUG £ü milvus_helpers.py £ü insert £ü 58 £ü Insert vectors to Milvus in collection: milvus_collection1 with 3 rows
2024-03-22 22:21:52,307 £ü DEBUG £ü milvus_helpers.py £ü insert £ü 58 £ü Insert vectors to Milvus in collection: milvus_collection1 with 3 rows
2024-03-22 22:21:52,604 £ü DEBUG £ü milvus_helpers.py £ü insert £ü 58 £ü Insert vectors to Milvus in collection: milvus_collection1 with 3 rows
2024-03-22 22:21:52,896 £ü DEBUG £ü milvus_helpers.py £ü insert £ü 58 £ü Insert vectors to Milvus in collection: milvus_collection1 with 3 rows
2024-03-22 22:21:53,192 £ü DEBUG £ü milvus_helpers.py £ü insert £ü 58 £ü Insert vectors to Milvus in collection: milvus_collection1 with 3 rows
2024-03-22 22:21:53,485 £ü DEBUG £ü milvus_helpers.py £ü insert £ü 58 £ü Insert vectors to Milvus in collection: milvus_collection1 with 3 rows
2024-03-22 22:21:53,778 £ü DEBUG £ü milvus_helpers.py £ü insert £ü 58 £ü Insert vectors to Milvus in collection: milvus_collection1 with 3 rows
2024-03-22 22:21:54,069 £ü DEBUG £ü milvus_helpers.py £ü insert £ü 58 £ü Insert vectors to Milvus in collection: milvus_collection1 with 3 rows
2024-03-22 22:21:54,362 £ü DEBUG £ü milvus_helpers.py £ü insert £ü 58 £ü Insert vectors to Milvus in collection: milvus_collection1 with 3 rows
2024-03-22 22:21:54,658 £ü DEBUG £ü milvus_helpers.py £ü insert £ü 58 £ü Insert vectors to Milvus in collection: milvus_collection1 with 3 rows
2024-03-22 22:21:54,948 £ü DEBUG £ü milvus_helpers.py £ü insert £ü 58 £ü Insert vectors to Milvus in collection: milvus_collection1 with 3 rows
2024-03-22 22:21:55,245 £ü DEBUG £ü milvus_helpers.py £ü insert £ü 58 £ü Insert vectors to Milvus in collection: milvus_collection1 with 3 rows
2024-03-22 22:21:55,538 £ü DEBUG £ü milvus_helpers.py £ü insert £ü 58 £ü Insert vectors to Milvus in collection: milvus_collection1 with 3 rows
2024-03-22 22:21:55,831 £ü DEBUG £ü milvus_helpers.py £ü insert £ü 58 £ü Insert vectors to Milvus in collection: milvus_collection1 with 3 rows
2024-03-22 22:21:56,120 £ü DEBUG £ü milvus_helpers.py £ü insert £ü 58 £ü Insert vectors to Milvus in collection: milvus_collection1 with 3 rows
2024-03-22 22:21:56,418 £ü DEBUG £ü milvus_helpers.py £ü insert £ü 58 £ü Insert vectors to Milvus in collection: milvus_collection1 with 3 rows
2024-03-22 22:21:56,710 £ü DEBUG £ü milvus_helpers.py £ü insert £ü 58 £ü Insert vectors to Milvus in collection: milvus_collection1 with 3 rows
2024-03-22 22:21:57,003 £ü DEBUG £ü milvus_helpers.py £ü insert £ü 58 £ü Insert vectors to Milvus in collection: milvus_collection1 with 3 rows
2024-03-22 22:21:57,306 £ü DEBUG £ü milvus_helpers.py £ü insert £ü 58 £ü Insert vectors to Milvus in collection: milvus_collection1 with 3 rows
2024-03-22 22:21:57,612 £ü DEBUG £ü milvus_helpers.py £ü insert £ü 58 £ü Insert vectors to Milvus in collection: milvus_collection1 with 3 rows
2024-03-22 22:21:57,904 £ü DEBUG £ü milvus_helpers.py £ü insert £ü 58 £ü Insert vectors to Milvus in collection: milvus_collection1 with 3 rows
2024-03-22 22:21:58,197 £ü DEBUG £ü milvus_helpers.py £ü insert £ü 58 £ü Insert vectors to Milvus in collection: milvus_collection1 with 3 rows
2024-03-22 22:21:58,490 £ü DEBUG £ü milvus_helpers.py £ü insert £ü 58 £ü Insert vectors to Milvus in collection: milvus_collection1 with 3 rows
2024-03-22 22:21:58,980 £ü DEBUG £ü milvus_helpers.py £ü insert £ü 58 £ü Insert vectors to Milvus in collection: milvus_collection1 with 3 rows
2024-03-22 22:21:59,293 £ü DEBUG £ü milvus_helpers.py £ü insert £ü 58 £ü Insert vectors to Milvus in collection: milvus_collection1 with 3 rows
2024-03-22 22:21:59,605 £ü DEBUG £ü milvus_helpers.py £ü insert £ü 58 £ü Insert vectors to Milvus in collection: milvus_collection1 with 3 rows
2024-03-22 22:21:59,980 £ü DEBUG £ü milvus_helpers.py £ü insert £ü 58 £ü Insert vectors to Milvus in collection: milvus_collection1 with 3 rows
2024-03-22 22:22:00,335 £ü DEBUG £ü milvus_helpers.py £ü insert £ü 58 £ü Insert vectors to Milvus in collection: milvus_collection1 with 3 rows
2024-03-22 22:22:00,735 £ü DEBUG £ü milvus_helpers.py £ü insert £ü 58 £ü Insert vectors to Milvus in collection: milvus_collection1 with 3 rows
2024-03-22 22:22:01,148 £ü DEBUG £ü milvus_helpers.py £ü insert £ü 58 £ü Insert vectors to Milvus in collection: milvus_collection1 with 3 rows
2024-03-22 22:22:01,516 £ü DEBUG £ü milvus_helpers.py £ü insert £ü 58 £ü Insert vectors to Milvus in collection: milvus_collection1 with 3 rows
2024-03-22 22:22:01,921 £ü DEBUG £ü milvus_helpers.py £ü insert £ü 58 £ü Insert vectors to Milvus in collection: milvus_collection1 with 3 rows
2024-03-22 22:22:02,268 £ü DEBUG £ü milvus_helpers.py £ü insert £ü 58 £ü Insert vectors to Milvus in collection: milvus_collection1 with 3 rows
2024-03-22 22:22:02,592 £ü DEBUG £ü milvus_helpers.py £ü insert £ü 58 £ü Insert vectors to Milvus in collection: milvus_collection1 with 3 rows
2024-03-22 22:22:02,952 £ü DEBUG £ü milvus_helpers.py £ü insert £ü 58 £ü Insert vectors to Milvus in collection: milvus_collection1 with 3 rows
2024-03-22 22:22:03,284 £ü DEBUG £ü milvus_helpers.py £ü insert £ü 58 £ü Insert vectors to Milvus in collection: milvus_collection1 with 3 rows
2024-03-22 22:22:03,652 £ü DEBUG £ü milvus_helpers.py £ü insert £ü 58 £ü Insert vectors to Milvus in collection: milvus_collection1 with 3 rows
2024-03-22 22:22:03,996 £ü DEBUG £ü milvus_helpers.py £ü insert £ü 58 £ü Insert vectors to Milvus in collection: milvus_collection1 with 3 rows
2024-03-22 22:22:04,387 £ü DEBUG £ü milvus_helpers.py £ü insert £ü 58 £ü Insert vectors to Milvus in collection: milvus_collection1 with 3 rows
2024-03-22 22:22:04,755 £ü DEBUG £ü milvus_helpers.py £ü insert £ü 58 £ü Insert vectors to Milvus in collection: milvus_collection1 with 3 rows
2024-03-22 22:22:05,105 £ü DEBUG £ü milvus_helpers.py £ü insert £ü 58 £ü Insert vectors to Milvus in collection: milvus_collection1 with 3 rows
2024-03-22 22:22:05,431 £ü DEBUG £ü milvus_helpers.py £ü insert £ü 58 £ü Insert vectors to Milvus in collection: milvus_collection1 with 3 rows
2024-03-22 22:22:05,766 £ü DEBUG £ü milvus_helpers.py £ü insert £ü 58 £ü Insert vectors to Milvus in collection: milvus_collection1 with 3 rows
2024-03-22 22:22:06,123 £ü DEBUG £ü milvus_helpers.py £ü insert £ü 58 £ü Insert vectors to Milvus in collection: milvus_collection1 with 3 rows
2024-03-22 22:22:06,472 £ü DEBUG £ü milvus_helpers.py £ü insert £ü 58 £ü Insert vectors to Milvus in collection: milvus_collection1 with 3 rows
2024-03-22 22:22:06,836 £ü DEBUG £ü milvus_helpers.py £ü insert £ü 58 £ü Insert vectors to Milvus in collection: milvus_collection1 with 3 rows
2024-03-22 22:22:07,190 £ü DEBUG £ü milvus_helpers.py £ü insert £ü 58 £ü Insert vectors to Milvus in collection: milvus_collection1 with 3 rows
2024-03-22 22:22:07,543 £ü DEBUG £ü milvus_helpers.py £ü insert £ü 58 £ü Insert vectors to Milvus in collection: milvus_collection1 with 3 rows
2024-03-22 22:22:07,889 £ü DEBUG £ü milvus_helpers.py £ü insert £ü 58 £ü Insert vectors to Milvus in collection: milvus_collection1 with 3 rows
2024-03-22 22:22:08,252 £ü DEBUG £ü milvus_helpers.py £ü insert £ü 58 £ü Insert vectors to Milvus in collection: milvus_collection1 with 3 rows
2024-03-22 22:22:08,629 £ü DEBUG £ü milvus_helpers.py £ü insert £ü 58 £ü Insert vectors to Milvus in collection: milvus_collection1 with 3 rows
2024-03-22 22:22:08,989 £ü DEBUG £ü milvus_helpers.py £ü insert £ü 58 £ü Insert vectors to Milvus in collection: milvus_collection1 with 3 rows
2024-03-22 22:22:09,333 £ü DEBUG £ü milvus_helpers.py £ü insert £ü 58 £ü Insert vectors to Milvus in collection: milvus_collection1 with 3 rows
2024-03-22 22:22:09,677 £ü DEBUG £ü milvus_helpers.py £ü insert £ü 58 £ü Insert vectors to Milvus in collection: milvus_collection1 with 3 rows
2024-03-22 22:22:10,006 £ü DEBUG £ü milvus_helpers.py £ü insert £ü 58 £ü Insert vectors to Milvus in collection: milvus_collection1 with 3 rows
2024-03-22 22:22:10,365 £ü DEBUG £ü milvus_helpers.py £ü insert £ü 58 £ü Insert vectors to Milvus in collection: milvus_collection1 with 3 rows
2024-03-22 22:22:10,757 £ü DEBUG £ü milvus_helpers.py £ü insert £ü 58 £ü Insert vectors to Milvus in collection: milvus_collection1 with 3 rows
2024-03-22 22:22:11,117 £ü DEBUG £ü milvus_helpers.py £ü insert £ü 58 £ü Insert vectors to Milvus in collection: milvus_collection1 with 3 rows
2024-03-22 22:22:11,461 £ü DEBUG £ü milvus_helpers.py £ü insert £ü 58 £ü Insert vectors to Milvus in collection: milvus_collection1 with 3 rows
2024-03-22 22:22:11,798 £ü DEBUG £ü milvus_helpers.py £ü insert £ü 58 £ü Insert vectors to Milvus in collection: milvus_collection1 with 3 rows
2024-03-22 22:22:12,173 £ü DEBUG £ü milvus_helpers.py £ü insert £ü 58 £ü Insert vectors to Milvus in collection: milvus_collection1 with 3 rows
2024-03-22 22:22:12,511 £ü DEBUG £ü milvus_helpers.py £ü insert £ü 58 £ü Insert vectors to Milvus in collection: milvus_collection1 with 3 rows
2024-03-22 22:22:12,816 £ü DEBUG £ü milvus_helpers.py £ü insert £ü 58 £ü Insert vectors to Milvus in collection: milvus_collection1 with 3 rows
2024-03-22 22:22:13,114 £ü DEBUG £ü milvus_helpers.py £ü insert £ü 58 £ü Insert vectors to Milvus in collection: milvus_collection1 with 3 rows
2024-03-22 22:22:13,407 £ü DEBUG £ü milvus_helpers.py £ü insert £ü 58 £ü Insert vectors to Milvus in collection: milvus_collection1 with 3 rows
2024-03-22 22:22:13,701 £ü DEBUG £ü milvus_helpers.py £ü insert £ü 58 £ü Insert vectors to Milvus in collection: milvus_collection1 with 3 rows
2024-03-22 22:22:13,994 £ü DEBUG £ü milvus_helpers.py £ü insert £ü 58 £ü Insert vectors to Milvus in collection: milvus_collection1 with 3 rows
2024-03-22 22:22:14,298 £ü DEBUG £ü milvus_helpers.py £ü insert £ü 58 £ü Insert vectors to Milvus in collection: milvus_collection1 with 3 rows
2024-03-22 22:22:14,604 £ü DEBUG £ü milvus_helpers.py £ü insert £ü 58 £ü Insert vectors to Milvus in collection: milvus_collection1 with 3 rows
2024-03-22 22:22:14,895 £ü DEBUG £ü milvus_helpers.py £ü insert £ü 58 £ü Insert vectors to Milvus in collection: milvus_collection1 with 3 rows
2024-03-22 22:22:15,194 £ü DEBUG £ü milvus_helpers.py £ü insert £ü 58 £ü Insert vectors to Milvus in collection: milvus_collection1 with 3 rows
2024-03-22 22:22:15,490 £ü DEBUG £ü milvus_helpers.py £ü insert £ü 58 £ü Insert vectors to Milvus in collection: milvus_collection1 with 3 rows
2024-03-22 22:22:15,788 £ü DEBUG £ü milvus_helpers.py £ü insert £ü 58 £ü Insert vectors to Milvus in collection: milvus_collection1 with 3 rows
2024-03-22 22:22:16,092 £ü DEBUG £ü milvus_helpers.py £ü insert £ü 58 £ü Insert vectors to Milvus in collection: milvus_collection1 with 3 rows
2024-03-22 22:22:16,378 £ü DEBUG £ü milvus_helpers.py £ü insert £ü 58 £ü Insert vectors to Milvus in collection: milvus_collection1 with 3 rows
2024-03-22 22:22:16,683 £ü DEBUG £ü milvus_helpers.py £ü insert £ü 58 £ü Insert vectors to Milvus in collection: milvus_collection1 with 3 rows
2024-03-22 22:22:16,981 £ü DEBUG £ü milvus_helpers.py £ü insert £ü 58 £ü Insert vectors to Milvus in collection: milvus_collection1 with 3 rows
2024-03-22 22:22:17,280 £ü DEBUG £ü milvus_helpers.py £ü insert £ü 58 £ü Insert vectors to Milvus in collection: milvus_collection1 with 3 rows
2024-03-22 22:22:17,582 £ü DEBUG £ü milvus_helpers.py £ü insert £ü 58 £ü Insert vectors to Milvus in collection: milvus_collection1 with 3 rows
2024-03-22 22:22:17,875 £ü DEBUG £ü milvus_helpers.py £ü insert £ü 58 £ü Insert vectors to Milvus in collection: milvus_collection1 with 3 rows
2024-03-22 22:22:18,179 £ü DEBUG £ü milvus_helpers.py £ü insert £ü 58 £ü Insert vectors to Milvus in collection: milvus_collection1 with 3 rows
2024-03-22 22:22:18,489 £ü DEBUG £ü milvus_helpers.py £ü insert £ü 58 £ü Insert vectors to Milvus in collection: milvus_collection1 with 3 rows
2024-03-22 22:22:18,791 £ü DEBUG £ü milvus_helpers.py £ü insert £ü 58 £ü Insert vectors to Milvus in collection: milvus_collection1 with 3 rows
2024-03-22 22:22:19,079 £ü DEBUG £ü milvus_helpers.py £ü insert £ü 58 £ü Insert vectors to Milvus in collection: milvus_collection1 with 3 rows
2024-03-22 22:22:19,376 £ü DEBUG £ü milvus_helpers.py £ü insert £ü 58 £ü Insert vectors to Milvus in collection: milvus_collection1 with 3 rows
2024-03-22 22:29:47,552 £ü DEBUG £ü milvus_helpers.py £ü __init__ £ü 15 £ü Successfully connect to Milvus with HOST: 101.200.135.154 and PORT: 19530
2024-03-22 22:29:49,418 £ü DEBUG £ü milvus_helpers.py £ü insert £ü 58 £ü Insert vectors to Milvus in collection: milvus_collection1 with 3 rows
2024-03-22 22:29:49,678 £ü DEBUG £ü milvus_helpers.py £ü insert £ü 58 £ü Insert vectors to Milvus in collection: milvus_collection1 with 3 rows
2024-03-22 22:29:49,948 £ü DEBUG £ü milvus_helpers.py £ü insert £ü 58 £ü Insert vectors to Milvus in collection: milvus_collection1 with 3 rows
2024-03-22 22:29:50,208 £ü DEBUG £ü milvus_helpers.py £ü insert £ü 58 £ü Insert vectors to Milvus in collection: milvus_collection1 with 3 rows
2024-03-22 22:29:50,468 £ü DEBUG £ü milvus_helpers.py £ü insert £ü 58 £ü Insert vectors to Milvus in collection: milvus_collection1 with 3 rows
2024-03-22 22:29:50,783 £ü DEBUG £ü milvus_helpers.py £ü insert £ü 58 £ü Insert vectors to Milvus in collection: milvus_collection1 with 3 rows
2024-03-22 22:29:51,051 £ü DEBUG £ü milvus_helpers.py £ü insert £ü 58 £ü Insert vectors to Milvus in collection: milvus_collection1 with 3 rows
2024-03-22 22:29:51,372 £ü DEBUG £ü milvus_helpers.py £ü insert £ü 58 £ü Insert vectors to Milvus in collection: milvus_collection1 with 3 rows
2024-03-22 22:29:51,649 £ü DEBUG £ü milvus_helpers.py £ü insert £ü 58 £ü Insert vectors to Milvus in collection: milvus_collection1 with 3 rows
2024-03-22 22:29:51,954 £ü DEBUG £ü milvus_helpers.py £ü insert £ü 58 £ü Insert vectors to Milvus in collection: milvus_collection1 with 3 rows
2024-03-22 22:29:52,215 £ü DEBUG £ü milvus_helpers.py £ü insert £ü 58 £ü Insert vectors to Milvus in collection: milvus_collection1 with 3 rows
2024-03-22 22:29:52,475 £ü DEBUG £ü milvus_helpers.py £ü insert £ü 58 £ü Insert vectors to Milvus in collection: milvus_collection1 with 3 rows
2024-03-22 22:29:52,737 £ü DEBUG £ü milvus_helpers.py £ü insert £ü 58 £ü Insert vectors to Milvus in collection: milvus_collection1 with 3 rows
2024-03-22 22:29:53,008 £ü DEBUG £ü milvus_helpers.py £ü insert £ü 58 £ü Insert vectors to Milvus in collection: milvus_collection1 with 3 rows
2024-03-22 22:29:53,300 £ü DEBUG £ü milvus_helpers.py £ü insert £ü 58 £ü Insert vectors to Milvus in collection: milvus_collection1 with 3 rows
2024-03-22 22:29:53,599 £ü DEBUG £ü milvus_helpers.py £ü insert £ü 58 £ü Insert vectors to Milvus in collection: milvus_collection1 with 3 rows
2024-03-22 22:29:53,893 £ü DEBUG £ü milvus_helpers.py £ü insert £ü 58 £ü Insert vectors to Milvus in collection: milvus_collection1 with 3 rows
2024-03-22 22:29:54,207 £ü DEBUG £ü milvus_helpers.py £ü insert £ü 58 £ü Insert vectors to Milvus in collection: milvus_collection1 with 3 rows
2024-03-22 22:29:54,500 £ü DEBUG £ü milvus_helpers.py £ü insert £ü 58 £ü Insert vectors to Milvus in collection: milvus_collection1 with 3 rows
2024-03-22 22:29:54,793 £ü DEBUG £ü milvus_helpers.py £ü insert £ü 58 £ü Insert vectors to Milvus in collection: milvus_collection1 with 3 rows
2024-03-22 22:29:55,083 £ü DEBUG £ü milvus_helpers.py £ü insert £ü 58 £ü Insert vectors to Milvus in collection: milvus_collection1 with 3 rows
2024-03-22 22:29:55,374 £ü DEBUG £ü milvus_helpers.py £ü insert £ü 58 £ü Insert vectors to Milvus in collection: milvus_collection1 with 3 rows
2024-03-22 22:29:55,664 £ü DEBUG £ü milvus_helpers.py £ü insert £ü 58 £ü Insert vectors to Milvus in collection: milvus_collection1 with 3 rows
2024-03-22 22:29:55,955 £ü DEBUG £ü milvus_helpers.py £ü insert £ü 58 £ü Insert vectors to Milvus in collection: milvus_collection1 with 3 rows
2024-03-22 22:29:56,254 £ü DEBUG £ü milvus_helpers.py £ü insert £ü 58 £ü Insert vectors to Milvus in collection: milvus_collection1 with 3 rows
2024-03-22 22:29:56,544 £ü DEBUG £ü milvus_helpers.py £ü insert £ü 58 £ü Insert vectors to Milvus in collection: milvus_collection1 with 3 rows
2024-03-22 22:29:56,838 £ü DEBUG £ü milvus_helpers.py £ü insert £ü 58 £ü Insert vectors to Milvus in collection: milvus_collection1 with 3 rows
2024-03-22 22:29:57,130 £ü DEBUG £ü milvus_helpers.py £ü insert £ü 58 £ü Insert vectors to Milvus in collection: milvus_collection1 with 3 rows
2024-03-22 22:29:57,425 £ü DEBUG £ü milvus_helpers.py £ü insert £ü 58 £ü Insert vectors to Milvus in collection: milvus_collection1 with 3 rows
2024-03-22 22:29:57,711 £ü DEBUG £ü milvus_helpers.py £ü insert £ü 58 £ü Insert vectors to Milvus in collection: milvus_collection1 with 3 rows
2024-03-22 22:29:58,012 £ü DEBUG £ü milvus_helpers.py £ü insert £ü 58 £ü Insert vectors to Milvus in collection: milvus_collection1 with 3 rows
2024-03-22 22:29:58,308 £ü DEBUG £ü milvus_helpers.py £ü insert £ü 58 £ü Insert vectors to Milvus in collection: milvus_collection1 with 3 rows
2024-03-22 22:29:58,603 £ü DEBUG £ü milvus_helpers.py £ü insert £ü 58 £ü Insert vectors to Milvus in collection: milvus_collection1 with 3 rows
2024-03-22 22:29:58,902 £ü DEBUG £ü milvus_helpers.py £ü insert £ü 58 £ü Insert vectors to Milvus in collection: milvus_collection1 with 3 rows
2024-03-22 22:29:59,199 £ü DEBUG £ü milvus_helpers.py £ü insert £ü 58 £ü Insert vectors to Milvus in collection: milvus_collection1 with 3 rows
2024-03-22 22:29:59,502 £ü DEBUG £ü milvus_helpers.py £ü insert £ü 58 £ü Insert vectors to Milvus in collection: milvus_collection1 with 3 rows
2024-03-22 22:29:59,806 £ü DEBUG £ü milvus_helpers.py £ü insert £ü 58 £ü Insert vectors to Milvus in collection: milvus_collection1 with 3 rows
2024-03-22 22:30:00,094 £ü DEBUG £ü milvus_helpers.py £ü insert £ü 58 £ü Insert vectors to Milvus in collection: milvus_collection1 with 3 rows
2024-03-22 22:30:00,392 £ü DEBUG £ü milvus_helpers.py £ü insert £ü 58 £ü Insert vectors to Milvus in collection: milvus_collection1 with 3 rows
2024-03-22 22:30:00,683 £ü DEBUG £ü milvus_helpers.py £ü insert £ü 58 £ü Insert vectors to Milvus in collection: milvus_collection1 with 3 rows
2024-03-22 22:30:00,983 £ü DEBUG £ü milvus_helpers.py £ü insert £ü 58 £ü Insert vectors to Milvus in collection: milvus_collection1 with 3 rows
2024-03-22 22:30:01,281 £ü DEBUG £ü milvus_helpers.py £ü insert £ü 58 £ü Insert vectors to Milvus in collection: milvus_collection1 with 3 rows
2024-03-22 22:30:01,580 £ü DEBUG £ü milvus_helpers.py £ü insert £ü 58 £ü Insert vectors to Milvus in collection: milvus_collection1 with 3 rows
2024-03-22 22:30:01,879 £ü DEBUG £ü milvus_helpers.py £ü insert £ü 58 £ü Insert vectors to Milvus in collection: milvus_collection1 with 3 rows
2024-03-22 22:30:02,181 £ü DEBUG £ü milvus_helpers.py £ü insert £ü 58 £ü Insert vectors to Milvus in collection: milvus_collection1 with 3 rows
2024-03-22 22:30:02,486 £ü DEBUG £ü milvus_helpers.py £ü insert £ü 58 £ü Insert vectors to Milvus in collection: milvus_collection1 with 3 rows
2024-03-22 22:30:02,778 £ü DEBUG £ü milvus_helpers.py £ü insert £ü 58 £ü Insert vectors to Milvus in collection: milvus_collection1 with 3 rows
2024-03-22 22:30:03,066 £ü DEBUG £ü milvus_helpers.py £ü insert £ü 58 £ü Insert vectors to Milvus in collection: milvus_collection1 with 3 rows
2024-03-22 22:30:03,361 £ü DEBUG £ü milvus_helpers.py £ü insert £ü 58 £ü Insert vectors to Milvus in collection: milvus_collection1 with 3 rows
2024-03-22 22:30:03,658 £ü DEBUG £ü milvus_helpers.py £ü insert £ü 58 £ü Insert vectors to Milvus in collection: milvus_collection1 with 3 rows
2024-03-22 22:30:03,955 £ü DEBUG £ü milvus_helpers.py £ü insert £ü 58 £ü Insert vectors to Milvus in collection: milvus_collection1 with 3 rows
2024-03-22 22:30:04,256 £ü DEBUG £ü milvus_helpers.py £ü insert £ü 58 £ü Insert vectors to Milvus in collection: milvus_collection1 with 3 rows
2024-03-22 22:30:04,544 £ü DEBUG £ü milvus_helpers.py £ü insert £ü 58 £ü Insert vectors to Milvus in collection: milvus_collection1 with 3 rows
2024-03-22 22:30:04,839 £ü DEBUG £ü milvus_helpers.py £ü insert £ü 58 £ü Insert vectors to Milvus in collection: milvus_collection1 with 3 rows
2024-03-22 22:30:05,135 £ü DEBUG £ü milvus_helpers.py £ü insert £ü 58 £ü Insert vectors to Milvus in collection: milvus_collection1 with 3 rows
2024-03-22 22:30:05,454 £ü DEBUG £ü milvus_helpers.py £ü insert £ü 58 £ü Insert vectors to Milvus in collection: milvus_collection1 with 3 rows
2024-03-22 22:30:05,756 £ü DEBUG £ü milvus_helpers.py £ü insert £ü 58 £ü Insert vectors to Milvus in collection: milvus_collection1 with 3 rows
2024-03-22 22:30:06,055 £ü DEBUG £ü milvus_helpers.py £ü insert £ü 58 £ü Insert vectors to Milvus in collection: milvus_collection1 with 3 rows
2024-03-22 22:30:06,349 £ü DEBUG £ü milvus_helpers.py £ü insert £ü 58 £ü Insert vectors to Milvus in collection: milvus_collection1 with 3 rows
2024-03-22 22:30:06,649 £ü DEBUG £ü milvus_helpers.py £ü insert £ü 58 £ü Insert vectors to Milvus in collection: milvus_collection1 with 3 rows
2024-03-22 22:30:07,002 £ü DEBUG £ü milvus_helpers.py £ü insert £ü 58 £ü Insert vectors to Milvus in collection: milvus_collection1 with 3 rows
2024-03-22 22:30:07,368 £ü DEBUG £ü milvus_helpers.py £ü insert £ü 58 £ü Insert vectors to Milvus in collection: milvus_collection1 with 3 rows
2024-03-22 22:30:07,718 £ü DEBUG £ü milvus_helpers.py £ü insert £ü 58 £ü Insert vectors to Milvus in collection: milvus_collection1 with 3 rows
2024-03-22 22:30:08,085 £ü DEBUG £ü milvus_helpers.py £ü insert £ü 58 £ü Insert vectors to Milvus in collection: milvus_collection1 with 3 rows
2024-03-22 22:30:08,426 £ü DEBUG £ü milvus_helpers.py £ü insert £ü 58 £ü Insert vectors to Milvus in collection: milvus_collection1 with 3 rows
2024-03-22 22:30:08,786 £ü DEBUG £ü milvus_helpers.py £ü insert £ü 58 £ü Insert vectors to Milvus in collection: milvus_collection1 with 3 rows
2024-03-22 22:30:09,158 £ü DEBUG £ü milvus_helpers.py £ü insert £ü 58 £ü Insert vectors to Milvus in collection: milvus_collection1 with 3 rows
2024-03-22 22:30:09,527 £ü DEBUG £ü milvus_helpers.py £ü insert £ü 58 £ü Insert vectors to Milvus in collection: milvus_collection1 with 3 rows
2024-03-22 22:30:09,904 £ü DEBUG £ü milvus_helpers.py £ü insert £ü 58 £ü Insert vectors to Milvus in collection: milvus_collection1 with 3 rows
2024-03-22 22:30:10,287 £ü DEBUG £ü milvus_helpers.py £ü insert £ü 58 £ü Insert vectors to Milvus in collection: milvus_collection1 with 3 rows
2024-03-22 22:30:10,658 £ü DEBUG £ü milvus_helpers.py £ü insert £ü 58 £ü Insert vectors to Milvus in collection: milvus_collection1 with 3 rows
2024-03-22 22:30:11,021 £ü DEBUG £ü milvus_helpers.py £ü insert £ü 58 £ü Insert vectors to Milvus in collection: milvus_collection1 with 3 rows
2024-03-22 22:30:11,371 £ü DEBUG £ü milvus_helpers.py £ü insert £ü 58 £ü Insert vectors to Milvus in collection: milvus_collection1 with 3 rows
2024-03-22 22:30:11,721 £ü DEBUG £ü milvus_helpers.py £ü insert £ü 58 £ü Insert vectors to Milvus in collection: milvus_collection1 with 3 rows
2024-03-22 22:30:12,069 £ü DEBUG £ü milvus_helpers.py £ü insert £ü 58 £ü Insert vectors to Milvus in collection: milvus_collection1 with 3 rows
2024-03-22 22:30:12,422 £ü DEBUG £ü milvus_helpers.py £ü insert £ü 58 £ü Insert vectors to Milvus in collection: milvus_collection1 with 3 rows
2024-03-22 22:30:12,789 £ü DEBUG £ü milvus_helpers.py £ü insert £ü 58 £ü Insert vectors to Milvus in collection: milvus_collection1 with 3 rows
2024-03-22 22:30:13,151 £ü DEBUG £ü milvus_helpers.py £ü insert £ü 58 £ü Insert vectors to Milvus in collection: milvus_collection1 with 3 rows
2024-03-22 22:30:13,523 £ü DEBUG £ü milvus_helpers.py £ü insert £ü 58 £ü Insert vectors to Milvus in collection: milvus_collection1 with 3 rows
2024-03-22 22:30:13,917 £ü DEBUG £ü milvus_helpers.py £ü insert £ü 58 £ü Insert vectors to Milvus in collection: milvus_collection1 with 3 rows
2024-03-22 22:30:14,307 £ü DEBUG £ü milvus_helpers.py £ü insert £ü 58 £ü Insert vectors to Milvus in collection: milvus_collection1 with 3 rows
2024-03-22 22:30:14,691 £ü DEBUG £ü milvus_helpers.py £ü insert £ü 58 £ü Insert vectors to Milvus in collection: milvus_collection1 with 3 rows
2024-03-22 22:30:15,041 £ü DEBUG £ü milvus_helpers.py £ü insert £ü 58 £ü Insert vectors to Milvus in collection: milvus_collection1 with 3 rows
2024-03-22 22:30:15,402 £ü DEBUG £ü milvus_helpers.py £ü insert £ü 58 £ü Insert vectors to Milvus in collection: milvus_collection1 with 3 rows
2024-03-22 22:30:15,783 £ü DEBUG £ü milvus_helpers.py £ü insert £ü 58 £ü Insert vectors to Milvus in collection: milvus_collection1 with 3 rows
2024-03-22 22:30:16,163 £ü DEBUG £ü milvus_helpers.py £ü insert £ü 58 £ü Insert vectors to Milvus in collection: milvus_collection1 with 3 rows
2024-03-22 22:30:16,565 £ü DEBUG £ü milvus_helpers.py £ü insert £ü 58 £ü Insert vectors to Milvus in collection: milvus_collection1 with 3 rows
2024-03-22 22:30:16,877 £ü DEBUG £ü milvus_helpers.py £ü insert £ü 58 £ü Insert vectors to Milvus in collection: milvus_collection1 with 3 rows
2024-03-22 22:30:17,300 £ü DEBUG £ü milvus_helpers.py £ü insert £ü 58 £ü Insert vectors to Milvus in collection: milvus_collection1 with 3 rows
2024-03-22 22:30:17,707 £ü DEBUG £ü milvus_helpers.py £ü insert £ü 58 £ü Insert vectors to Milvus in collection: milvus_collection1 with 3 rows
2024-03-22 22:30:18,094 £ü DEBUG £ü milvus_helpers.py £ü insert £ü 58 £ü Insert vectors to Milvus in collection: milvus_collection1 with 3 rows
2024-03-22 22:30:18,444 £ü DEBUG £ü milvus_helpers.py £ü insert £ü 58 £ü Insert vectors to Milvus in collection: milvus_collection1 with 3 rows
2024-03-22 22:30:18,800 £ü DEBUG £ü milvus_helpers.py £ü insert £ü 58 £ü Insert vectors to Milvus in collection: milvus_collection1 with 3 rows
2024-03-22 22:30:19,149 £ü DEBUG £ü milvus_helpers.py £ü insert £ü 58 £ü Insert vectors to Milvus in collection: milvus_collection1 with 3 rows
2024-03-22 22:30:19,493 £ü DEBUG £ü milvus_helpers.py £ü insert £ü 58 £ü Insert vectors to Milvus in collection: milvus_collection1 with 3 rows
2024-03-22 22:30:19,883 £ü DEBUG £ü milvus_helpers.py £ü insert £ü 58 £ü Insert vectors to Milvus in collection: milvus_collection1 with 3 rows
2024-03-22 22:30:20,262 £ü DEBUG £ü milvus_helpers.py £ü insert £ü 58 £ü Insert vectors to Milvus in collection: milvus_collection1 with 3 rows
2024-03-22 22:30:20,612 £ü DEBUG £ü milvus_helpers.py £ü insert £ü 58 £ü Insert vectors to Milvus in collection: milvus_collection1 with 3 rows
2024-03-22 22:30:20,909 £ü DEBUG £ü milvus_helpers.py £ü insert £ü 58 £ü Insert vectors to Milvus in collection: milvus_collection1 with 3 rows
2024-03-22 22:30:21,264 £ü DEBUG £ü milvus_helpers.py £ü insert £ü 58 £ü Insert vectors to Milvus in collection: milvus_collection1 with 3 rows
2024-03-22 22:33:48,317 £ü DEBUG £ü milvus_helpers.py £ü __init__ £ü 15 £ü Successfully connect to Milvus with HOST: 101.200.135.154 and PORT: 19530
2024-03-22 22:33:51,022 £ü ERROR £ü milvus_helpers.py £ü insert £ü 62 £ü Failed to insert data to Milvus: <DataTypeNotSupportException: (code=1, message=data should be a list of list)>
2024-03-22 22:34:08,115 £ü DEBUG £ü milvus_helpers.py £ü __init__ £ü 15 £ü Successfully connect to Milvus with HOST: 101.200.135.154 and PORT: 19530
2024-03-22 22:34:10,845 £ü ERROR £ü decorators.py £ü handler £ü 134 £ü RPC error: [batch_insert], <ParamError: (code=1, message=Collection field dim is 768, but entities field dim is 146)>, <Time:{'RPC start': '2024-03-22 22:34:10.845723', 'RPC error': '2024-03-22 22:34:10.845723'}>
2024-03-22 22:34:10,845 £ü ERROR £ü milvus_helpers.py £ü insert £ü 62 £ü Failed to insert data to Milvus: <ParamError: (code=1, message=Collection field dim is 768, but entities field dim is 146)>
2024-03-22 22:34:42,823 £ü DEBUG £ü milvus_helpers.py £ü __init__ £ü 15 £ü Successfully connect to Milvus with HOST: 101.200.135.154 and PORT: 19530
2024-03-22 22:34:45,598 £ü DEBUG £ü milvus_helpers.py £ü insert £ü 58 £ü Insert vectors to Milvus in collection: milvus_collection1 with 3 rows
2024-03-22 22:39:05,444 £ü DEBUG £ü milvus_helpers.py £ü __init__ £ü 15 £ü Successfully connect to Milvus with HOST: 101.200.135.154 and PORT: 19530
2024-03-22 22:41:20,105 £ü DEBUG £ü milvus_helpers.py £ü insert £ü 58 £ü Insert vectors to Milvus in collection: milvus_collection1 with 3 rows
2024-03-22 22:47:16,042 £ü DEBUG £ü milvus_helpers.py £ü __init__ £ü 15 £ü Successfully connect to Milvus with HOST: 101.200.135.154 and PORT: 19530
2024-03-22 22:47:16,828 £ü DEBUG £ü milvus_helpers.py £ü create_index £ü 72 £ü Successfully create index in collection:milvus_collection1 with param:{'metric_type': 'IP', 'index_type': 'IVF_FLAT', 'params': {'nlist': 2048}}
2024-03-22 22:47:22,486 £ü ERROR £ü decorators.py £ü handler £ü 134 £ü RPC error: [search], <ParamError: (code=1, message=`search_data` value tensor([ 5.6243e-01,  7.9111e-01,  4.7763e-01, -4.7937e-01, -5.3682e-02,
        -5.2582e-01,  3.8671e-01,  4.9953e-02, -9.4578e-01, -8.3647e-01,
         1.2441e+00,  1.8065e-01,  6.1742e-01, -1.3345e+00, -6.8693e-01,
         1.7619e-01, -2.2779e-01,  1.4486e+00, -8.8052e-01, -5.8109e-01,
         1.9938e-01, -2.5754e-01, -1.8663e+00,  2.9376e-01,  2.0136e-01,
         7.3100e-02, -4.1257e-03,  3.0876e-01,  3.3574e-01, -5.5352e-01,
         1.3957e+00, -6.9867e-01, -1.3654e-01,  1.3076e-03,  9.4361e-01,
         2.2820e-01,  4.3246e-02, -5.7292e-01,  4.4807e-01,  6.7612e-01,
        -2.9278e-01,  8.5165e-01, -7.9836e-01, -4.2563e-01, -3.1856e-02,
         6.4968e-01,  7.2823e-01,  1.0608e+00, -7.1252e-01,  3.4372e-01,
        -1.9386e-01,  5.9749e+00, -1.1440e+00,  1.3381e+00,  2.6456e-01,
         1.8628e+00,  1.4435e-01, -2.5847e-01,  4.9230e-01,  4.9064e-01,
         1.3108e-01, -8.5843e-01, -6.0255e-01, -7.0413e-01,  1.0805e-01,
        -9.9312e-02, -6.0551e-01, -9.4526e-01,  8.3133e-01, -1.4835e+00,
         9.1267e-01, -1.5194e+00, -1.3046e+00, -1.4610e-01,  1.1619e+00,
         2.7999e-01,  4.5871e-01,  1.0173e+00,  9.9088e-01, -3.7813e-01,
         3.2721e-02,  6.4390e-01,  6.1825e-02, -5.3236e-01, -4.1497e-01,
        -1.8818e-01, -9.1888e-01,  2.5904e-01,  3.2781e-01, -2.1930e-01,
        -1.3207e+00, -3.5690e-01, -8.1929e-01, -3.5916e-01, -6.3670e-02,
        -7.4995e-01,  1.0824e+00, -1.0538e+00, -1.1961e+00, -1.1693e-01,
         7.7253e-01,  2.6294e-01, -4.1313e-01, -1.5880e+00,  1.3350e+00,
         8.6648e-02, -1.5072e+00,  9.4188e-02, -3.0345e-01,  3.2336e-01,
         3.6620e-01,  3.6585e-01,  6.9897e-02,  1.3096e-01, -1.2678e+00,
        -1.1288e-01, -3.1881e-01, -2.5172e-01,  1.3467e+00, -6.7371e-01,
         6.7972e-01,  2.0518e-01, -9.6461e-02, -7.0562e-01,  1.5777e-01,
        -7.2968e-01,  4.9758e-01,  3.4189e-01, -1.2556e-01,  1.6142e+00,
         2.2086e-01, -3.4764e-01, -1.5053e+00, -3.3241e-01,  1.0095e-01,
         3.0479e-01, -5.7112e-01, -3.6033e-01, -1.1113e+00,  7.8811e-02,
         4.6879e-01,  1.1815e+00,  1.7307e-01, -7.6384e-01, -8.1672e-01,
         1.7166e-01,  3.1824e-01, -2.2266e-01, -2.0978e-01, -5.0218e-01,
        -1.4374e-01, -6.0730e-01,  6.3385e-01,  5.6993e-01,  4.5509e-02,
         1.7366e-01, -1.2298e-01,  3.2820e-01, -1.3892e+00, -8.4788e-01,
        -4.2433e-01,  7.3875e-01, -7.1772e-01, -5.8814e-01,  3.0814e-01,
         7.9931e-01, -4.6489e-01, -3.8488e-01, -9.2605e-02,  2.6281e-01,
        -1.2474e+00, -2.3624e-01, -1.6823e-01,  8.5123e-02,  4.1138e-01,
        -3.0068e-03,  1.7436e-01,  1.1595e-01, -7.0230e-01, -9.9044e-01,
        -7.6761e-01,  1.9046e-01,  2.6114e-02,  7.2851e-01, -7.5432e-01,
         5.6977e-01, -1.0594e+00, -3.0101e-02, -3.4948e-01,  3.7475e-01,
        -9.0825e-01, -7.0725e-01, -1.7714e-01, -8.5845e-01,  4.8212e-01,
         9.8498e-01, -4.3737e-01, -5.8080e-02, -1.0875e+00,  7.0311e-02,
         1.6560e-01, -8.0905e-01, -2.2629e-01,  4.5593e-02,  6.8682e-02,
         9.0241e-01, -5.6559e-01, -4.0017e-02, -7.0273e-03,  7.7109e-01,
        -1.2473e+00, -6.2370e-01,  7.5016e-01, -8.4747e-02, -1.0451e-01,
         3.2254e-01, -1.3667e+00,  6.5543e-01, -4.4842e-01,  7.2959e-02,
         5.1213e-01,  1.9000e-01,  4.8196e-02, -6.8197e-01, -1.8607e-01,
        -4.2089e-01, -3.4826e-02, -2.0258e-01, -4.3984e-01, -2.7491e-01,
         3.8189e-01, -9.2756e-01, -5.9359e-01, -5.6495e-01,  2.0277e-01,
         1.1621e+00, -3.7657e-01,  6.8616e-01, -8.3945e-01, -3.8542e-01,
        -1.2656e+00,  5.5054e-01, -1.1532e-01, -5.5557e-01, -5.8940e-01,
         8.0926e-01,  5.5492e-01, -8.5363e-01, -3.5669e-02, -2.6480e-01,
         4.5251e-01, -7.4748e-01,  9.1255e-01, -1.3055e+00, -3.3707e-01,
        -7.2367e-01,  1.9802e-01, -4.4518e-01,  6.7974e-01, -1.4499e-01,
        -1.3654e-01, -1.4855e-01,  9.0166e-01,  2.3567e-01,  2.9847e-01,
         4.4701e-01, -1.1508e+00, -7.1893e-01, -8.2185e-01, -1.5560e-01,
        -2.6372e-01, -7.2593e-02,  5.1613e-02, -9.6924e-01,  1.0198e+00,
        -5.0360e-01,  3.1826e-01,  2.2081e-01,  2.0633e-01, -5.1377e-01,
         2.3856e-02,  3.8529e-01,  3.6156e-01,  3.8023e-01, -9.7089e-01,
        -9.2214e-01, -1.5596e-01, -6.2347e-01,  2.8439e-01, -8.0922e-01,
        -8.8670e-01, -1.2232e-01,  7.4051e-01,  4.1857e-01,  4.7655e+00,
        -1.0374e+00, -1.0546e+00,  1.0855e+00,  6.7059e-01, -2.3721e-01,
         2.5628e-01, -1.3988e+00,  4.2759e-02,  4.8064e-01, -4.2568e-02,
         3.4556e-01,  3.1863e-01,  5.0885e-01, -4.4878e-01, -4.9354e-01,
         4.8743e-02, -2.1848e-01,  3.2983e-01,  2.5415e-01, -9.4185e-01,
         7.7895e-01, -7.2771e-01, -5.5598e-01,  8.8218e-01,  6.6312e-02,
         1.4357e+00,  1.2286e-01,  7.2498e-03,  1.1328e+00,  9.1743e-01,
         3.2325e-01,  6.7171e-01,  1.7598e-01, -2.9238e-01,  1.6876e+00,
         8.5531e-01, -1.8064e+00,  6.7108e-02, -5.2748e-02,  1.5384e+00,
         1.8139e+00,  9.5092e-01, -8.0361e-02, -3.2925e-02, -3.4380e-01,
         4.7527e-01, -4.8154e-01,  7.9394e-01, -1.1731e+00,  5.0843e-01,
        -7.8988e-01, -4.5144e-02, -9.6804e-01, -7.3444e-01, -1.1488e+00,
        -7.7328e-01,  4.1118e-01, -1.1241e+00, -7.2304e-01,  2.0766e-01,
        -2.3924e-01,  1.7501e+00,  4.9520e-01,  7.5843e-01,  5.4241e-01,
        -1.0568e+00, -1.2300e+00, -1.0215e+00,  1.3363e+00,  1.9737e-01,
        -5.0729e-01,  1.6674e-01,  6.5825e-03, -4.3188e-01, -2.8365e-01,
        -4.0060e-01, -4.8442e-01,  6.6634e-01, -5.4957e-01,  1.7549e+00,
        -6.1696e-01, -7.5070e-01, -1.6383e-01,  6.2319e-03, -7.2923e-01,
         5.8949e-01, -1.3513e+00,  6.0599e-01, -3.8172e-01,  3.5032e-01,
         1.5980e-01, -4.1042e-01, -3.4600e-01, -8.6048e-02, -7.7188e-01,
        -2.2818e-01, -2.2284e-01,  1.2153e+00, -4.6882e-03, -5.5339e-01,
         3.9729e-01,  3.1123e-01, -2.9868e-01,  1.0494e+00,  5.5278e-01,
         7.2926e-01, -9.7079e-01, -8.6113e-01,  2.5541e-01,  8.1098e-01,
         8.8537e-01, -2.2469e-01,  1.0259e-01,  7.6379e-01, -4.5238e-01,
        -7.7749e-01, -2.5427e-01, -7.9436e-01, -9.2549e-01,  2.2882e-01,
         6.8713e-01, -3.5491e-02, -1.0528e+00,  5.9033e-01, -1.4904e+00,
         9.0984e-01,  2.6881e-01,  3.7257e-01,  1.3557e+00, -2.5003e-01,
        -5.8794e-01, -3.4535e-01,  1.2881e-01,  7.4309e-01,  9.9821e-02,
         9.5109e-01,  1.6297e-01,  8.9039e-01, -8.2960e-01,  6.7667e-01,
         7.1575e-01, -4.0211e-01, -1.7727e-01, -3.0738e-01, -1.2200e-01,
        -3.4609e-04,  1.5228e-01,  2.1497e-01, -1.1947e-02,  5.7425e-01,
        -2.8958e-01, -9.9311e-02, -5.6423e-01, -2.0622e-01, -4.4528e-01,
         5.3765e-01, -1.1052e+00,  1.4052e-01, -1.7374e+00,  9.3654e-01,
        -2.0309e-01, -1.2890e+00,  2.5763e-01,  3.2120e-01, -1.7040e-01,
        -5.6742e-01,  1.1374e+00, -2.6433e-01,  7.1410e-01,  6.4717e-01,
        -6.3091e-01,  4.2478e-01, -7.0958e-01,  1.5871e+00,  4.5659e-01,
         4.1610e-01,  4.9274e-01,  5.6187e-01, -7.8028e-01, -1.0378e+00,
        -1.0394e+00, -2.4173e-02, -5.1717e-02, -4.4601e-01, -7.0998e-01,
         1.3936e-01, -8.3420e-01, -3.9878e-01, -4.5697e-01, -9.0576e-01,
         2.5911e-01, -2.6713e-01,  6.7157e-01,  4.4722e-01, -2.1753e-01,
        -1.0620e+00, -9.7019e-01,  2.9571e-01, -2.0965e-01,  2.0830e-01,
        -6.2346e-01, -2.6758e-01, -3.1661e-01, -8.7816e-01,  3.8810e-01,
         5.3111e-02,  5.8570e-01,  2.2512e-01,  1.6543e-01,  3.1499e-01,
        -5.9889e-01,  5.8423e-01, -2.0096e-01, -5.3233e-01,  8.9948e-01,
         5.6401e-01, -5.2419e-01,  2.7915e-01,  6.2834e-01,  8.7313e-01,
        -8.5125e-01, -7.0922e-01,  1.7536e-01, -3.2751e-01,  1.1400e+00,
         9.4936e-01,  2.2481e-01,  1.0046e+00,  1.1457e+00, -6.5664e-01,
         4.2860e-01, -7.5963e-01,  1.6595e-02, -3.1357e-02,  1.6908e+00,
        -4.9441e-01, -1.7705e-01, -1.8959e-01,  4.6130e-01,  3.1002e-01,
         1.1899e+00, -8.9770e-01,  4.0959e-01, -4.9390e-01, -1.0034e+00,
         1.0649e+00, -1.6152e-01,  5.1465e-01, -1.0746e+00,  1.0166e-01,
        -9.0463e-01, -4.4191e-01,  5.2675e-01,  1.3497e-01, -2.6971e-01,
        -6.8926e-01,  1.0583e+00, -2.4422e-01,  8.8367e-01,  5.0625e-01,
        -1.1405e+00, -1.5683e+00, -1.1616e+00,  1.0260e+00, -1.6790e-01,
         7.1706e-01, -3.4776e-01, -5.9586e-01, -1.1453e-01, -1.5968e+00,
         1.2636e+00,  2.2201e-01,  4.5535e-01, -1.2658e-01, -8.1672e-01,
         6.9568e-01,  1.1087e+00,  3.0576e-01,  5.6111e-01, -1.1734e+00,
         2.6748e-01, -1.4346e-01, -8.8735e-01, -5.4377e-01,  6.9101e-01,
         3.3573e-01,  5.9054e-01,  4.5612e-01, -6.0169e-01, -1.6040e-01,
        -1.0876e+00, -1.6431e-01, -1.0978e+00,  7.6093e-01, -1.3467e-01,
        -2.3265e-01,  9.6383e-01,  1.0824e+00,  8.8040e-01,  5.8154e-01,
         5.9343e-01,  3.1989e-01,  2.8134e-01, -1.2052e+00,  1.1894e-01,
         1.7933e-02,  8.2670e-01,  1.1790e+00,  7.8946e-01,  7.8257e-01,
        -9.9091e-01,  1.3313e+00, -9.2518e-01,  1.1543e-01, -2.8600e-01,
        -1.1469e+00,  9.1742e-01,  8.3695e-01, -1.6981e-01,  1.4972e+00,
        -2.1051e-01, -4.0536e-01,  3.5635e-01,  1.1054e-01,  7.9302e-01,
        -1.0232e+00,  5.2219e-01, -3.1934e-01,  6.4795e-01, -1.4248e+00,
        -2.4077e-01,  2.5808e+00,  5.4843e-01,  4.7150e-01, -9.3691e-02,
         1.0020e-01, -8.7420e-01,  1.2971e+00,  1.3236e-01,  1.0756e-01,
        -1.1563e-01, -7.3758e-01,  2.7068e-01, -2.8347e-01,  1.6212e+00,
         1.2945e+00, -7.3391e-01, -8.2405e-01, -1.0700e+00,  4.5547e-01,
         3.9512e-01,  3.6147e-01,  7.4715e-01,  5.9478e-01, -6.0791e-01,
         4.2100e-01,  4.1051e-02,  1.2667e+00, -1.0961e+00,  2.5583e-01,
         1.1203e+00,  5.4013e-01,  2.3020e-01, -7.1533e-01, -4.2423e-01,
         7.6231e-01, -4.2132e-01,  1.5973e+00, -1.5375e+00,  1.2594e-01,
        -1.6677e+00,  5.9852e-01, -2.9781e-01,  4.3826e-01,  8.9831e-01,
         7.6167e-01,  7.4279e-01, -2.6434e-01, -2.6076e-01, -5.6011e-01,
        -4.2991e-01, -2.9836e-01, -3.9474e-01,  2.5825e-01, -7.7659e-01,
        -4.4136e-01,  4.9665e-01,  1.3960e+00, -1.5069e+00,  1.2336e-01,
        -6.9005e-01, -8.5683e-01,  2.1766e-01,  5.4351e-01,  7.6391e-01,
        -3.4835e-02, -1.0279e-01, -5.9628e-01,  2.8538e-01, -2.3388e-01,
         2.9960e+00, -1.6556e+00,  9.2450e-01, -6.3624e-01,  2.1691e-02,
         9.8463e-01,  5.7558e-01,  7.9110e-02, -3.7676e-02, -4.1762e-01,
         5.9946e-01, -6.9867e-01,  2.9988e-01, -3.1319e-01, -8.1109e-03,
        -5.0957e-01, -1.2440e+00, -1.9715e-01, -4.4371e-01,  2.7866e-01,
         5.0405e-01,  9.8279e-01,  5.5062e-01,  7.7752e-02,  1.0818e+00,
         6.0959e-02, -3.2673e-01,  4.8013e-01,  6.7072e-01,  4.9538e-01,
         6.2799e-01,  9.9110e-01, -1.0439e-01,  3.9464e-01, -2.0661e-01,
         5.1571e-01, -5.7108e-01, -1.1473e+00, -1.2995e+00, -3.4401e-02,
         8.0553e-01,  6.4809e-02, -4.8328e-01,  5.1653e-02,  7.6191e-01,
        -5.4984e-02,  4.1859e-01,  2.5686e-01, -1.2367e-01,  5.7706e-02,
        -8.2451e-01, -6.1483e-01, -2.4006e-01,  1.4070e+00,  8.5596e-01,
         9.2771e-02, -4.0740e-01,  8.8633e-01, -7.7981e-02,  4.9808e-01,
        -2.8637e-01, -2.6923e-01, -2.8084e-01, -3.8117e-01,  9.5172e-01,
        -1.0629e+00, -9.3631e-01,  7.2466e-01, -8.3055e-01, -7.8309e-01,
        -6.5811e-01, -5.6560e-01, -5.0525e-01]) is illegal)>, <Time:{'RPC start': '2024-03-22 22:47:22.464452', 'RPC error': '2024-03-22 22:47:22.486449'}>
2024-03-22 22:47:22,491 £ü ERROR £ü milvus_helpers.py £ü search_vectors £ü 102 £ü Failed to search vectors in Milvus: <ParamError: (code=1, message=`search_data` value tensor([ 5.6243e-01,  7.9111e-01,  4.7763e-01, -4.7937e-01, -5.3682e-02,
        -5.2582e-01,  3.8671e-01,  4.9953e-02, -9.4578e-01, -8.3647e-01,
         1.2441e+00,  1.8065e-01,  6.1742e-01, -1.3345e+00, -6.8693e-01,
         1.7619e-01, -2.2779e-01,  1.4486e+00, -8.8052e-01, -5.8109e-01,
         1.9938e-01, -2.5754e-01, -1.8663e+00,  2.9376e-01,  2.0136e-01,
         7.3100e-02, -4.1257e-03,  3.0876e-01,  3.3574e-01, -5.5352e-01,
         1.3957e+00, -6.9867e-01, -1.3654e-01,  1.3076e-03,  9.4361e-01,
         2.2820e-01,  4.3246e-02, -5.7292e-01,  4.4807e-01,  6.7612e-01,
        -2.9278e-01,  8.5165e-01, -7.9836e-01, -4.2563e-01, -3.1856e-02,
         6.4968e-01,  7.2823e-01,  1.0608e+00, -7.1252e-01,  3.4372e-01,
        -1.9386e-01,  5.9749e+00, -1.1440e+00,  1.3381e+00,  2.6456e-01,
         1.8628e+00,  1.4435e-01, -2.5847e-01,  4.9230e-01,  4.9064e-01,
         1.3108e-01, -8.5843e-01, -6.0255e-01, -7.0413e-01,  1.0805e-01,
        -9.9312e-02, -6.0551e-01, -9.4526e-01,  8.3133e-01, -1.4835e+00,
         9.1267e-01, -1.5194e+00, -1.3046e+00, -1.4610e-01,  1.1619e+00,
         2.7999e-01,  4.5871e-01,  1.0173e+00,  9.9088e-01, -3.7813e-01,
         3.2721e-02,  6.4390e-01,  6.1825e-02, -5.3236e-01, -4.1497e-01,
        -1.8818e-01, -9.1888e-01,  2.5904e-01,  3.2781e-01, -2.1930e-01,
        -1.3207e+00, -3.5690e-01, -8.1929e-01, -3.5916e-01, -6.3670e-02,
        -7.4995e-01,  1.0824e+00, -1.0538e+00, -1.1961e+00, -1.1693e-01,
         7.7253e-01,  2.6294e-01, -4.1313e-01, -1.5880e+00,  1.3350e+00,
         8.6648e-02, -1.5072e+00,  9.4188e-02, -3.0345e-01,  3.2336e-01,
         3.6620e-01,  3.6585e-01,  6.9897e-02,  1.3096e-01, -1.2678e+00,
        -1.1288e-01, -3.1881e-01, -2.5172e-01,  1.3467e+00, -6.7371e-01,
         6.7972e-01,  2.0518e-01, -9.6461e-02, -7.0562e-01,  1.5777e-01,
        -7.2968e-01,  4.9758e-01,  3.4189e-01, -1.2556e-01,  1.6142e+00,
         2.2086e-01, -3.4764e-01, -1.5053e+00, -3.3241e-01,  1.0095e-01,
         3.0479e-01, -5.7112e-01, -3.6033e-01, -1.1113e+00,  7.8811e-02,
         4.6879e-01,  1.1815e+00,  1.7307e-01, -7.6384e-01, -8.1672e-01,
         1.7166e-01,  3.1824e-01, -2.2266e-01, -2.0978e-01, -5.0218e-01,
        -1.4374e-01, -6.0730e-01,  6.3385e-01,  5.6993e-01,  4.5509e-02,
         1.7366e-01, -1.2298e-01,  3.2820e-01, -1.3892e+00, -8.4788e-01,
        -4.2433e-01,  7.3875e-01, -7.1772e-01, -5.8814e-01,  3.0814e-01,
         7.9931e-01, -4.6489e-01, -3.8488e-01, -9.2605e-02,  2.6281e-01,
        -1.2474e+00, -2.3624e-01, -1.6823e-01,  8.5123e-02,  4.1138e-01,
        -3.0068e-03,  1.7436e-01,  1.1595e-01, -7.0230e-01, -9.9044e-01,
        -7.6761e-01,  1.9046e-01,  2.6114e-02,  7.2851e-01, -7.5432e-01,
         5.6977e-01, -1.0594e+00, -3.0101e-02, -3.4948e-01,  3.7475e-01,
        -9.0825e-01, -7.0725e-01, -1.7714e-01, -8.5845e-01,  4.8212e-01,
         9.8498e-01, -4.3737e-01, -5.8080e-02, -1.0875e+00,  7.0311e-02,
         1.6560e-01, -8.0905e-01, -2.2629e-01,  4.5593e-02,  6.8682e-02,
         9.0241e-01, -5.6559e-01, -4.0017e-02, -7.0273e-03,  7.7109e-01,
        -1.2473e+00, -6.2370e-01,  7.5016e-01, -8.4747e-02, -1.0451e-01,
         3.2254e-01, -1.3667e+00,  6.5543e-01, -4.4842e-01,  7.2959e-02,
         5.1213e-01,  1.9000e-01,  4.8196e-02, -6.8197e-01, -1.8607e-01,
        -4.2089e-01, -3.4826e-02, -2.0258e-01, -4.3984e-01, -2.7491e-01,
         3.8189e-01, -9.2756e-01, -5.9359e-01, -5.6495e-01,  2.0277e-01,
         1.1621e+00, -3.7657e-01,  6.8616e-01, -8.3945e-01, -3.8542e-01,
        -1.2656e+00,  5.5054e-01, -1.1532e-01, -5.5557e-01, -5.8940e-01,
         8.0926e-01,  5.5492e-01, -8.5363e-01, -3.5669e-02, -2.6480e-01,
         4.5251e-01, -7.4748e-01,  9.1255e-01, -1.3055e+00, -3.3707e-01,
        -7.2367e-01,  1.9802e-01, -4.4518e-01,  6.7974e-01, -1.4499e-01,
        -1.3654e-01, -1.4855e-01,  9.0166e-01,  2.3567e-01,  2.9847e-01,
         4.4701e-01, -1.1508e+00, -7.1893e-01, -8.2185e-01, -1.5560e-01,
        -2.6372e-01, -7.2593e-02,  5.1613e-02, -9.6924e-01,  1.0198e+00,
        -5.0360e-01,  3.1826e-01,  2.2081e-01,  2.0633e-01, -5.1377e-01,
         2.3856e-02,  3.8529e-01,  3.6156e-01,  3.8023e-01, -9.7089e-01,
        -9.2214e-01, -1.5596e-01, -6.2347e-01,  2.8439e-01, -8.0922e-01,
        -8.8670e-01, -1.2232e-01,  7.4051e-01,  4.1857e-01,  4.7655e+00,
        -1.0374e+00, -1.0546e+00,  1.0855e+00,  6.7059e-01, -2.3721e-01,
         2.5628e-01, -1.3988e+00,  4.2759e-02,  4.8064e-01, -4.2568e-02,
         3.4556e-01,  3.1863e-01,  5.0885e-01, -4.4878e-01, -4.9354e-01,
         4.8743e-02, -2.1848e-01,  3.2983e-01,  2.5415e-01, -9.4185e-01,
         7.7895e-01, -7.2771e-01, -5.5598e-01,  8.8218e-01,  6.6312e-02,
         1.4357e+00,  1.2286e-01,  7.2498e-03,  1.1328e+00,  9.1743e-01,
         3.2325e-01,  6.7171e-01,  1.7598e-01, -2.9238e-01,  1.6876e+00,
         8.5531e-01, -1.8064e+00,  6.7108e-02, -5.2748e-02,  1.5384e+00,
         1.8139e+00,  9.5092e-01, -8.0361e-02, -3.2925e-02, -3.4380e-01,
         4.7527e-01, -4.8154e-01,  7.9394e-01, -1.1731e+00,  5.0843e-01,
        -7.8988e-01, -4.5144e-02, -9.6804e-01, -7.3444e-01, -1.1488e+00,
        -7.7328e-01,  4.1118e-01, -1.1241e+00, -7.2304e-01,  2.0766e-01,
        -2.3924e-01,  1.7501e+00,  4.9520e-01,  7.5843e-01,  5.4241e-01,
        -1.0568e+00, -1.2300e+00, -1.0215e+00,  1.3363e+00,  1.9737e-01,
        -5.0729e-01,  1.6674e-01,  6.5825e-03, -4.3188e-01, -2.8365e-01,
        -4.0060e-01, -4.8442e-01,  6.6634e-01, -5.4957e-01,  1.7549e+00,
        -6.1696e-01, -7.5070e-01, -1.6383e-01,  6.2319e-03, -7.2923e-01,
         5.8949e-01, -1.3513e+00,  6.0599e-01, -3.8172e-01,  3.5032e-01,
         1.5980e-01, -4.1042e-01, -3.4600e-01, -8.6048e-02, -7.7188e-01,
        -2.2818e-01, -2.2284e-01,  1.2153e+00, -4.6882e-03, -5.5339e-01,
         3.9729e-01,  3.1123e-01, -2.9868e-01,  1.0494e+00,  5.5278e-01,
         7.2926e-01, -9.7079e-01, -8.6113e-01,  2.5541e-01,  8.1098e-01,
         8.8537e-01, -2.2469e-01,  1.0259e-01,  7.6379e-01, -4.5238e-01,
        -7.7749e-01, -2.5427e-01, -7.9436e-01, -9.2549e-01,  2.2882e-01,
         6.8713e-01, -3.5491e-02, -1.0528e+00,  5.9033e-01, -1.4904e+00,
         9.0984e-01,  2.6881e-01,  3.7257e-01,  1.3557e+00, -2.5003e-01,
        -5.8794e-01, -3.4535e-01,  1.2881e-01,  7.4309e-01,  9.9821e-02,
         9.5109e-01,  1.6297e-01,  8.9039e-01, -8.2960e-01,  6.7667e-01,
         7.1575e-01, -4.0211e-01, -1.7727e-01, -3.0738e-01, -1.2200e-01,
        -3.4609e-04,  1.5228e-01,  2.1497e-01, -1.1947e-02,  5.7425e-01,
        -2.8958e-01, -9.9311e-02, -5.6423e-01, -2.0622e-01, -4.4528e-01,
         5.3765e-01, -1.1052e+00,  1.4052e-01, -1.7374e+00,  9.3654e-01,
        -2.0309e-01, -1.2890e+00,  2.5763e-01,  3.2120e-01, -1.7040e-01,
        -5.6742e-01,  1.1374e+00, -2.6433e-01,  7.1410e-01,  6.4717e-01,
        -6.3091e-01,  4.2478e-01, -7.0958e-01,  1.5871e+00,  4.5659e-01,
         4.1610e-01,  4.9274e-01,  5.6187e-01, -7.8028e-01, -1.0378e+00,
        -1.0394e+00, -2.4173e-02, -5.1717e-02, -4.4601e-01, -7.0998e-01,
         1.3936e-01, -8.3420e-01, -3.9878e-01, -4.5697e-01, -9.0576e-01,
         2.5911e-01, -2.6713e-01,  6.7157e-01,  4.4722e-01, -2.1753e-01,
        -1.0620e+00, -9.7019e-01,  2.9571e-01, -2.0965e-01,  2.0830e-01,
        -6.2346e-01, -2.6758e-01, -3.1661e-01, -8.7816e-01,  3.8810e-01,
         5.3111e-02,  5.8570e-01,  2.2512e-01,  1.6543e-01,  3.1499e-01,
        -5.9889e-01,  5.8423e-01, -2.0096e-01, -5.3233e-01,  8.9948e-01,
         5.6401e-01, -5.2419e-01,  2.7915e-01,  6.2834e-01,  8.7313e-01,
        -8.5125e-01, -7.0922e-01,  1.7536e-01, -3.2751e-01,  1.1400e+00,
         9.4936e-01,  2.2481e-01,  1.0046e+00,  1.1457e+00, -6.5664e-01,
         4.2860e-01, -7.5963e-01,  1.6595e-02, -3.1357e-02,  1.6908e+00,
        -4.9441e-01, -1.7705e-01, -1.8959e-01,  4.6130e-01,  3.1002e-01,
         1.1899e+00, -8.9770e-01,  4.0959e-01, -4.9390e-01, -1.0034e+00,
         1.0649e+00, -1.6152e-01,  5.1465e-01, -1.0746e+00,  1.0166e-01,
        -9.0463e-01, -4.4191e-01,  5.2675e-01,  1.3497e-01, -2.6971e-01,
        -6.8926e-01,  1.0583e+00, -2.4422e-01,  8.8367e-01,  5.0625e-01,
        -1.1405e+00, -1.5683e+00, -1.1616e+00,  1.0260e+00, -1.6790e-01,
         7.1706e-01, -3.4776e-01, -5.9586e-01, -1.1453e-01, -1.5968e+00,
         1.2636e+00,  2.2201e-01,  4.5535e-01, -1.2658e-01, -8.1672e-01,
         6.9568e-01,  1.1087e+00,  3.0576e-01,  5.6111e-01, -1.1734e+00,
         2.6748e-01, -1.4346e-01, -8.8735e-01, -5.4377e-01,  6.9101e-01,
         3.3573e-01,  5.9054e-01,  4.5612e-01, -6.0169e-01, -1.6040e-01,
        -1.0876e+00, -1.6431e-01, -1.0978e+00,  7.6093e-01, -1.3467e-01,
        -2.3265e-01,  9.6383e-01,  1.0824e+00,  8.8040e-01,  5.8154e-01,
         5.9343e-01,  3.1989e-01,  2.8134e-01, -1.2052e+00,  1.1894e-01,
         1.7933e-02,  8.2670e-01,  1.1790e+00,  7.8946e-01,  7.8257e-01,
        -9.9091e-01,  1.3313e+00, -9.2518e-01,  1.1543e-01, -2.8600e-01,
        -1.1469e+00,  9.1742e-01,  8.3695e-01, -1.6981e-01,  1.4972e+00,
        -2.1051e-01, -4.0536e-01,  3.5635e-01,  1.1054e-01,  7.9302e-01,
        -1.0232e+00,  5.2219e-01, -3.1934e-01,  6.4795e-01, -1.4248e+00,
        -2.4077e-01,  2.5808e+00,  5.4843e-01,  4.7150e-01, -9.3691e-02,
         1.0020e-01, -8.7420e-01,  1.2971e+00,  1.3236e-01,  1.0756e-01,
        -1.1563e-01, -7.3758e-01,  2.7068e-01, -2.8347e-01,  1.6212e+00,
         1.2945e+00, -7.3391e-01, -8.2405e-01, -1.0700e+00,  4.5547e-01,
         3.9512e-01,  3.6147e-01,  7.4715e-01,  5.9478e-01, -6.0791e-01,
         4.2100e-01,  4.1051e-02,  1.2667e+00, -1.0961e+00,  2.5583e-01,
         1.1203e+00,  5.4013e-01,  2.3020e-01, -7.1533e-01, -4.2423e-01,
         7.6231e-01, -4.2132e-01,  1.5973e+00, -1.5375e+00,  1.2594e-01,
        -1.6677e+00,  5.9852e-01, -2.9781e-01,  4.3826e-01,  8.9831e-01,
         7.6167e-01,  7.4279e-01, -2.6434e-01, -2.6076e-01, -5.6011e-01,
        -4.2991e-01, -2.9836e-01, -3.9474e-01,  2.5825e-01, -7.7659e-01,
        -4.4136e-01,  4.9665e-01,  1.3960e+00, -1.5069e+00,  1.2336e-01,
        -6.9005e-01, -8.5683e-01,  2.1766e-01,  5.4351e-01,  7.6391e-01,
        -3.4835e-02, -1.0279e-01, -5.9628e-01,  2.8538e-01, -2.3388e-01,
         2.9960e+00, -1.6556e+00,  9.2450e-01, -6.3624e-01,  2.1691e-02,
         9.8463e-01,  5.7558e-01,  7.9110e-02, -3.7676e-02, -4.1762e-01,
         5.9946e-01, -6.9867e-01,  2.9988e-01, -3.1319e-01, -8.1109e-03,
        -5.0957e-01, -1.2440e+00, -1.9715e-01, -4.4371e-01,  2.7866e-01,
         5.0405e-01,  9.8279e-01,  5.5062e-01,  7.7752e-02,  1.0818e+00,
         6.0959e-02, -3.2673e-01,  4.8013e-01,  6.7072e-01,  4.9538e-01,
         6.2799e-01,  9.9110e-01, -1.0439e-01,  3.9464e-01, -2.0661e-01,
         5.1571e-01, -5.7108e-01, -1.1473e+00, -1.2995e+00, -3.4401e-02,
         8.0553e-01,  6.4809e-02, -4.8328e-01,  5.1653e-02,  7.6191e-01,
        -5.4984e-02,  4.1859e-01,  2.5686e-01, -1.2367e-01,  5.7706e-02,
        -8.2451e-01, -6.1483e-01, -2.4006e-01,  1.4070e+00,  8.5596e-01,
         9.2771e-02, -4.0740e-01,  8.8633e-01, -7.7981e-02,  4.9808e-01,
        -2.8637e-01, -2.6923e-01, -2.8084e-01, -3.8117e-01,  9.5172e-01,
        -1.0629e+00, -9.3631e-01,  7.2466e-01, -8.3055e-01, -7.8309e-01,
        -6.5811e-01, -5.6560e-01, -5.0525e-01]) is illegal)>
2024-03-22 22:48:29,579 £ü DEBUG £ü milvus_helpers.py £ü __init__ £ü 15 £ü Successfully connect to Milvus with HOST: 101.200.135.154 and PORT: 19530
2024-03-22 22:48:29,896 £ü ERROR £ü decorators.py £ü handler £ü 134 £ü RPC error: [search], <ParamError: (code=1, message=`search_data` value [0.5624269247055054, 0.7911098599433899, 0.47762852907180786, -0.47936856746673584, -0.053681958466768265, -0.5258245468139648, 0.38671016693115234, 0.04995294660329819, -0.9457816481590271, -0.8364651799201965, 1.2441431283950806, 0.1806543469429016, 0.617423415184021, -1.3344610929489136, -0.6869300603866577, 0.1761871725320816, -0.22778771817684174, 1.448625922203064, -0.8805200457572937, -0.5810863375663757, 0.19937755167484283, -0.25753897428512573, -1.866300344467163, 0.2937583029270172, 0.20136025547981262, 0.0730997622013092, -0.004125729203224182, 0.30875542759895325, 0.3357422351837158, -0.5535209774971008, 1.3957065343856812, -0.6986742615699768, -0.13653624057769775, 0.0013076215982437134, 0.943607747554779, 0.2282014638185501, 0.043245673179626465, -0.5729226469993591, 0.4480728507041931, 0.6761181950569153, -0.29278162121772766, 0.8516526222229004, -0.7983613610267639, -0.4256335496902466, -0.03185552358627319, 0.6496802568435669, 0.7282286882400513, 1.060782551765442, -0.7125205993652344, 0.34372279047966003, -0.19385652244091034, 5.974913597106934, -1.1440399885177612, 1.338100790977478, 0.26456406712532043, 1.8627777099609375, 0.14434589445590973, -0.25847285985946655, 0.4923044443130493, 0.49063992500305176, 0.1310766339302063, -0.8584298491477966, -0.6025545597076416, -0.704134464263916, 0.1080547496676445, -0.09931155294179916, -0.6055121421813965, -0.9452609419822693, 0.8313267827033997, -1.4835389852523804, 0.9126675128936768, -1.5194367170333862, -1.304601788520813, -0.14610013365745544, 1.1619410514831543, 0.279985249042511, 0.4587084650993347, 1.0172988176345825, 0.9908795952796936, -0.3781282901763916, 0.032720714807510376, 0.6438953876495361, 0.06182505935430527, -0.5323554277420044, -0.4149687588214874, -0.18818140029907227, -0.9188797473907471, 0.2590392231941223, 0.3278135061264038, -0.2192978411912918, -1.3206593990325928, -0.356902152299881, -0.8192908763885498, -0.3591645061969757, -0.06367020308971405, -0.7499499320983887, 1.0824142694473267, -1.0537710189819336, -1.1960853338241577, -0.11693266034126282, 0.7725260853767395, 0.2629353106021881, -0.41313162446022034, -1.588024377822876, 1.335013747215271, 0.08664809167385101, -1.5072441101074219, 0.09418757259845734, -0.30344700813293457, 0.3233622908592224, 0.3661962151527405, 0.3658536970615387, 0.06989675015211105, 0.1309642791748047, -1.2678232192993164, -0.11288279294967651, -0.31880712509155273, -0.25171762704849243, 1.3466805219650269, -0.6737101078033447, 0.679724395275116, 0.20517535507678986, -0.09646052122116089, -0.7056218385696411, 0.15776798129081726, -0.7296837568283081, 0.49758172035217285, 0.3418926000595093, -0.12555716931819916, 1.6142406463623047, 0.22086459398269653, -0.3476423919200897, -1.5053201913833618, -0.3324103355407715, 0.10095459967851639, 0.30479055643081665, -0.5711160898208618, -0.36032745242118835, -1.1112693548202515, 0.07881058752536774, 0.4687880277633667, 1.181533694267273, 0.17307162284851074, -0.7638362646102905, -0.8167234659194946, 0.17165932059288025, 0.31824177503585815, -0.22266468405723572, -0.2097768634557724, -0.5021781325340271, -0.14374351501464844, -0.6072970628738403, 0.633849024772644, 0.5699278116226196, 0.0455087274312973, 0.17366212606430054, -0.12298326194286346, 0.3282022476196289, -1.3892264366149902, -0.8478808403015137, -0.4243253171443939, 0.7387491464614868, -0.7177165746688843, -0.5881425142288208, 0.30814215540885925, 0.7993114590644836, -0.4648910164833069, -0.3848775029182434, -0.09260451793670654, 0.26280999183654785, -1.2474123239517212, -0.2362406849861145, -0.1682315170764923, 0.08512277901172638, 0.4113801121711731, -0.0030068159103393555, 0.17436113953590393, 0.11595191806554794, -0.7022979259490967, -0.9904440641403198, -0.7676085829734802, 0.19045881927013397, 0.02611403726041317, 0.7285070419311523, -0.7543238997459412, 0.5697692036628723, -1.059353232383728, -0.030101433396339417, -0.34947699308395386, 0.37475132942199707, -0.9082522988319397, -0.7072503566741943, -0.17713738977909088, -0.858452558517456, 0.4821208119392395, 0.9849802255630493, -0.4373692274093628, -0.05808008834719658, -1.0874963998794556, 0.07031095027923584, 0.16560158133506775, -0.8090527057647705, -0.22629383206367493, 0.045593470335006714, 0.06868202984333038, 0.9024125337600708, -0.5655887722969055, -0.04001719504594803, -0.0070273298770189285, 0.7710850238800049, -1.247333288192749, -0.6236960887908936, 0.7501566410064697, -0.0847472995519638, -0.10451384633779526, 0.32253527641296387, -1.3667412996292114, 0.6554269790649414, -0.44841697812080383, 0.07295893132686615, 0.512133002281189, 0.1900021731853485, 0.048196498304605484, -0.6819677948951721, -0.1860692799091339, -0.42088764905929565, -0.03482591360807419, -0.20258383452892303, -0.43984314799308777, -0.27490589022636414, 0.381888747215271, -0.9275590181350708, -0.5935931205749512, -0.5649488568305969, 0.20276935398578644, 1.162074089050293, -0.3765678107738495, 0.6861612796783447, -0.8394476175308228, -0.3854164779186249, -1.2656054496765137, 0.5505401492118835, -0.11532381922006607, -0.5555664896965027, -0.5893974304199219, 0.8092633485794067, 0.5549249649047852, -0.853629469871521, -0.03566855192184448, -0.2647993862628937, 0.4525066018104553, -0.747475802898407, 0.9125508666038513, -1.3054686784744263, -0.3370681405067444, -0.7236686944961548, 0.19802187383174896, -0.44517767429351807, 0.6797352433204651, -0.14499211311340332, -0.13653838634490967, -0.14854909479618073, 0.9016625285148621, 0.23566994071006775, 0.2984732687473297, 0.447013795375824, -1.1508020162582397, -0.7189257740974426, -0.8218513131141663, -0.15559804439544678, -0.26372188329696655, -0.07259337604045868, 0.05161339044570923, -0.9692355394363403, 1.0197900533676147, -0.5036007165908813, 0.31825631856918335, 0.22081252932548523, 0.20633330941200256, -0.5137691497802734, 0.02385622262954712, 0.38529497385025024, 0.3615553379058838, 0.3802342414855957, -0.9708850979804993, -0.9221357107162476, -0.15595732629299164, -0.6234700679779053, 0.28439176082611084, -0.809215784072876, -0.8867040872573853, -0.12231805920600891, 0.7405074834823608, 0.41857242584228516, 4.765503406524658, -1.0374404191970825, -1.0546257495880127, 1.0855042934417725, 0.6705881357192993, -0.23720666766166687, 0.2562824785709381, -1.3987692594528198, 0.042758554220199585, 0.4806442856788635, -0.04256821423768997, 0.34556394815444946, 0.3186304569244385, 0.5088500380516052, -0.4487777352333069, -0.4935394823551178, 0.04874345660209656, -0.21847690641880035, 0.32983165979385376, 0.254145085811615, -0.9418535232543945, 0.7789474725723267, -0.7277069687843323, -0.5559848546981812, 0.882179856300354, 0.06631214171648026, 1.435683012008667, 0.12285593152046204, 0.007249750196933746, 1.1327908039093018, 0.9174269437789917, 0.3232531249523163, 0.6717072129249573, 0.17598003149032593, -0.2923840284347534, 1.687603235244751, 0.8553067445755005, -1.806376576423645, 0.06710789352655411, -0.05274828523397446, 1.538384199142456, 1.8139469623565674, 0.9509162306785583, -0.0803612619638443, -0.03292539715766907, -0.3438049256801605, 0.47527188062667847, -0.48153525590896606, 0.7939356565475464, -1.1731399297714233, 0.5084347724914551, -0.7898846864700317, -0.04514358192682266, -0.9680371284484863, -0.73444002866745, -1.1487685441970825, -0.7732778191566467, 0.4111782908439636, -1.1240687370300293, -0.7230405807495117, 0.20765623450279236, -0.23924356698989868, 1.7500578165054321, 0.4951995313167572, 0.7584253549575806, 0.5424085259437561, -1.0567867755889893, -1.2300251722335815, -1.0215284824371338, 1.3363405466079712, 0.1973687708377838, -0.5072934031486511, 0.16674093902111053, 0.006582466885447502, -0.43187862634658813, -0.2836514115333557, -0.4006006717681885, -0.4844183325767517, 0.6663415431976318, -0.549565315246582, 1.7549110651016235, -0.6169630289077759, -0.7506998181343079, -0.16383396089076996, 0.0062318891286849976, -0.7292259335517883, 0.5894907116889954, -1.3512898683547974, 0.6059947609901428, -0.3817180395126343, 0.35031625628471375, 0.15980380773544312, -0.4104214906692505, -0.3459952473640442, -0.08604760468006134, -0.7718753814697266, -0.22817964851856232, -0.2228427529335022, 1.2153371572494507, -0.0046882182359695435, -0.5533852577209473, 0.3972891569137573, 0.31123217940330505, -0.29868096113204956, 1.0493677854537964, 0.5527846813201904, 0.7292646169662476, -0.9707865118980408, -0.8611270189285278, 0.2554135322570801, 0.8109751343727112, 0.8853731155395508, -0.22469164431095123, 0.10258610546588898, 0.7637852430343628, -0.4523753523826599, -0.7774863243103027, -0.25427010655403137, -0.7943631410598755, -0.9254915118217468, 0.22881805896759033, 0.6871315240859985, -0.03549094498157501, -1.0528136491775513, 0.5903339385986328, -1.490389347076416, 0.9098398685455322, 0.2688136100769043, 0.37257206439971924, 1.3557065725326538, -0.250033438205719, -0.5879406332969666, -0.3453525900840759, 0.12881168723106384, 0.7430858612060547, 0.09982143342494965, 0.9510886669158936, 0.16297028958797455, 0.8903892040252686, -0.8295955061912537, 0.6766695976257324, 0.7157501578330994, -0.40210774540901184, -0.17726662755012512, -0.307381272315979, -0.12199750542640686, -0.00034609436988830566, 0.15227586030960083, 0.21496598422527313, -0.011946795508265495, 0.5742524266242981, -0.28957855701446533, -0.09931075572967529, -0.5642277598381042, -0.20621810853481293, -0.4452800154685974, 0.5376549959182739, -1.1051517724990845, 0.14052115380764008, -1.7373991012573242, 0.9365425109863281, -0.20308542251586914, -1.2889564037322998, 0.25763070583343506, 0.32120493054389954, -0.17040416598320007, -0.5674156546592712, 1.1373894214630127, -0.26433348655700684, 0.7140966057777405, 0.6471716165542603, -0.6309101581573486, 0.4247783124446869, -0.7095834016799927, 1.5870893001556396, 0.4565906822681427, 0.4160970449447632, 0.49273592233657837, 0.5618670582771301, -0.7802807092666626, -1.037805438041687, -1.0394163131713867, -0.024173282086849213, -0.05171678960323334, -0.44600704312324524, -0.7099763751029968, 0.13935746252536774, -0.8341959714889526, -0.39877966046333313, -0.45696720480918884, -0.905755877494812, 0.2591080069541931, -0.26713013648986816, 0.671572208404541, 0.44721972942352295, -0.21752667427062988, -1.0619592666625977, -0.9701883792877197, 0.2957089841365814, -0.20964665710926056, 0.20830389857292175, -0.6234639286994934, -0.26758354902267456, -0.31661421060562134, -0.8781636953353882, 0.388103187084198, 0.05311089754104614, 0.5856952667236328, 0.22512079775333405, 0.1654329001903534, 0.31499388813972473, -0.5988904237747192, 0.5842260718345642, -0.200956791639328, -0.5323285460472107, 0.8994820713996887, 0.5640144944190979, -0.5241872072219849, 0.2791527807712555, 0.628341794013977, 0.8731290698051453, -0.8512462973594666, -0.7092199921607971, 0.175358846783638, -0.3275139629840851, 1.140020728111267, 0.9493551850318909, 0.22480614483356476, 1.0045640468597412, 1.1456637382507324, -0.6566370725631714, 0.42859911918640137, -0.7596340179443359, 0.016595087945461273, -0.031357333064079285, 1.6908022165298462, -0.4944062829017639, -0.17704567313194275, -0.18959197402000427, 0.46130043268203735, 0.31002098321914673, 1.189867377281189, -0.8976956605911255, 0.40959131717681885, -0.4938967227935791, -1.0033535957336426, 1.064874291419983, -0.16151763498783112, 0.5146507024765015, -1.0745816230773926, 0.10166463255882263, -0.9046274423599243, -0.44191232323646545, 0.5267475843429565, 0.13496823608875275, -0.26970773935317993, -0.6892634034156799, 1.0582795143127441, -0.2442150115966797, 0.8836669921875, 0.5062505602836609, -1.1404613256454468, -1.5682988166809082, -1.1616345643997192, 1.0259819030761719, -0.16790151596069336, 0.7170625329017639, -0.3477581739425659, -0.595855712890625, -0.11453425884246826, -1.5967857837677002, 1.2635990381240845, 0.22201105952262878, 0.4553469717502594, -0.12657997012138367, -0.8167189955711365, 0.6956806182861328, 1.1087286472320557, 0.3057599663734436, 0.5611052513122559, -1.1734070777893066, 0.2674764096736908, -0.14345985651016235, -0.8873546123504639, -0.5437694787979126, 0.6910072565078735, 0.33573001623153687, 0.5905371308326721, 0.45612266659736633, -0.6016943454742432, -0.1603996455669403, -1.087593913078308, -0.16430623829364777, -1.0978405475616455, 0.760930061340332, -0.13467095792293549, -0.23265396058559418, 0.963833749294281, 1.0823925733566284, 0.8804045915603638, 0.5815443992614746, 0.5934308171272278, 0.3198906183242798, 0.2813444137573242, -1.2052279710769653, 0.11893877387046814, 0.01793331652879715, 0.8267029523849487, 1.1790375709533691, 0.7894604206085205, 0.7825674414634705, -0.990913450717926, 1.331295132637024, -0.9251823425292969, 0.1154329925775528, -0.28599703311920166, -1.1468747854232788, 0.9174172282218933, 0.8369481563568115, -0.16981062293052673, 1.497156023979187, -0.21051211655139923, -0.40536195039749146, 0.356347918510437, 0.11053983122110367, 0.7930210828781128, -1.0231633186340332, 0.522192656993866, -0.31933966279029846, 0.6479531526565552, -1.424770712852478, -0.24077299237251282, 2.580751657485962, 0.5484274625778198, 0.4715019166469574, -0.0936911329627037, 0.10019813477993011, -0.8741998076438904, 1.2970855236053467, 0.13235580921173096, 0.10755528509616852, -0.11562919616699219, -0.7375849485397339, 0.2706833779811859, -0.2834676504135132, 1.6211802959442139, 1.2945237159729004, -0.7339094877243042, -0.8240519762039185, -1.0699907541275024, 0.4554717540740967, 0.3951184153556824, 0.3614678978919983, 0.7471455931663513, 0.5947840213775635, -0.6079096794128418, 0.4209965765476227, 0.04105108976364136, 1.2667222023010254, -1.0960966348648071, 0.2558337450027466, 1.1202771663665771, 0.5401316285133362, 0.2302025705575943, -0.7153263092041016, -0.4242297112941742, 0.762309730052948, -0.421316921710968, 1.5972914695739746, -1.5374596118927002, 0.12593936920166016, -1.6676688194274902, 0.5985164642333984, -0.2978131175041199, 0.4382614493370056, 0.8983097672462463, 0.7616665363311768, 0.7427875399589539, -0.26433566212654114, -0.2607593238353729, -0.5601080060005188, -0.4299065172672272, -0.2983647286891937, -0.39474448561668396, 0.2582504451274872, -0.7765921354293823, -0.44135919213294983, 0.49665480852127075, 1.3960074186325073, -1.5069087743759155, 0.12336191534996033, -0.6900454759597778, -0.8568251132965088, 0.2176641821861267, 0.5435082316398621, 0.7639062404632568, -0.03483453392982483, -0.10279341042041779, -0.596284031867981, 0.28537824749946594, -0.23388071358203888, 2.995967388153076, -1.6556415557861328, 0.9244978427886963, -0.6362404227256775, 0.02169071137905121, 0.9846336841583252, 0.5755757689476013, 0.07911037653684616, -0.03767566382884979, -0.4176224172115326, 0.5994613170623779, -0.6986665725708008, 0.2998819351196289, -0.3131934404373169, -0.0081108957529068, -0.5095705389976501, -1.244001865386963, -0.197147935628891, -0.4437086582183838, 0.27865758538246155, 0.504045307636261, 0.982785701751709, 0.5506178140640259, 0.0777515098452568, 1.0817747116088867, 0.060958974063396454, -0.32672926783561707, 0.4801292419433594, 0.6707198023796082, 0.4953828454017639, 0.6279939413070679, 0.9911012649536133, -0.10438914597034454, 0.39463621377944946, -0.2066081464290619, 0.5157149434089661, -0.5710827708244324, -1.147326946258545, -1.2994600534439087, -0.0344010591506958, 0.8055262565612793, 0.06480886787176132, -0.4832807183265686, 0.05165254324674606, 0.7619054317474365, -0.054983630776405334, 0.4185870587825775, 0.25686314702033997, -0.12366578727960587, 0.05770603567361832, -0.8245099782943726, -0.6148292422294617, -0.24006396532058716, 1.4070446491241455, 0.8559622764587402, 0.09277058392763138, -0.4074000418186188, 0.8863286972045898, -0.07798069715499878, 0.49808013439178467, -0.28637099266052246, -0.2692290246486664, -0.2808432877063751, -0.3811703324317932, 0.9517225623130798, -1.0629417896270752, -0.9363135099411011, 0.7246578335762024, -0.8305525183677673, -0.7830939888954163, -0.6581104397773743, -0.5655968189239502, -0.5052545666694641] is illegal)>, <Time:{'RPC start': '2024-03-22 22:48:29.895567', 'RPC error': '2024-03-22 22:48:29.896569'}>
2024-03-22 22:48:29,901 £ü ERROR £ü milvus_helpers.py £ü search_vectors £ü 102 £ü Failed to search vectors in Milvus: <ParamError: (code=1, message=`search_data` value [0.5624269247055054, 0.7911098599433899, 0.47762852907180786, -0.47936856746673584, -0.053681958466768265, -0.5258245468139648, 0.38671016693115234, 0.04995294660329819, -0.9457816481590271, -0.8364651799201965, 1.2441431283950806, 0.1806543469429016, 0.617423415184021, -1.3344610929489136, -0.6869300603866577, 0.1761871725320816, -0.22778771817684174, 1.448625922203064, -0.8805200457572937, -0.5810863375663757, 0.19937755167484283, -0.25753897428512573, -1.866300344467163, 0.2937583029270172, 0.20136025547981262, 0.0730997622013092, -0.004125729203224182, 0.30875542759895325, 0.3357422351837158, -0.5535209774971008, 1.3957065343856812, -0.6986742615699768, -0.13653624057769775, 0.0013076215982437134, 0.943607747554779, 0.2282014638185501, 0.043245673179626465, -0.5729226469993591, 0.4480728507041931, 0.6761181950569153, -0.29278162121772766, 0.8516526222229004, -0.7983613610267639, -0.4256335496902466, -0.03185552358627319, 0.6496802568435669, 0.7282286882400513, 1.060782551765442, -0.7125205993652344, 0.34372279047966003, -0.19385652244091034, 5.974913597106934, -1.1440399885177612, 1.338100790977478, 0.26456406712532043, 1.8627777099609375, 0.14434589445590973, -0.25847285985946655, 0.4923044443130493, 0.49063992500305176, 0.1310766339302063, -0.8584298491477966, -0.6025545597076416, -0.704134464263916, 0.1080547496676445, -0.09931155294179916, -0.6055121421813965, -0.9452609419822693, 0.8313267827033997, -1.4835389852523804, 0.9126675128936768, -1.5194367170333862, -1.304601788520813, -0.14610013365745544, 1.1619410514831543, 0.279985249042511, 0.4587084650993347, 1.0172988176345825, 0.9908795952796936, -0.3781282901763916, 0.032720714807510376, 0.6438953876495361, 0.06182505935430527, -0.5323554277420044, -0.4149687588214874, -0.18818140029907227, -0.9188797473907471, 0.2590392231941223, 0.3278135061264038, -0.2192978411912918, -1.3206593990325928, -0.356902152299881, -0.8192908763885498, -0.3591645061969757, -0.06367020308971405, -0.7499499320983887, 1.0824142694473267, -1.0537710189819336, -1.1960853338241577, -0.11693266034126282, 0.7725260853767395, 0.2629353106021881, -0.41313162446022034, -1.588024377822876, 1.335013747215271, 0.08664809167385101, -1.5072441101074219, 0.09418757259845734, -0.30344700813293457, 0.3233622908592224, 0.3661962151527405, 0.3658536970615387, 0.06989675015211105, 0.1309642791748047, -1.2678232192993164, -0.11288279294967651, -0.31880712509155273, -0.25171762704849243, 1.3466805219650269, -0.6737101078033447, 0.679724395275116, 0.20517535507678986, -0.09646052122116089, -0.7056218385696411, 0.15776798129081726, -0.7296837568283081, 0.49758172035217285, 0.3418926000595093, -0.12555716931819916, 1.6142406463623047, 0.22086459398269653, -0.3476423919200897, -1.5053201913833618, -0.3324103355407715, 0.10095459967851639, 0.30479055643081665, -0.5711160898208618, -0.36032745242118835, -1.1112693548202515, 0.07881058752536774, 0.4687880277633667, 1.181533694267273, 0.17307162284851074, -0.7638362646102905, -0.8167234659194946, 0.17165932059288025, 0.31824177503585815, -0.22266468405723572, -0.2097768634557724, -0.5021781325340271, -0.14374351501464844, -0.6072970628738403, 0.633849024772644, 0.5699278116226196, 0.0455087274312973, 0.17366212606430054, -0.12298326194286346, 0.3282022476196289, -1.3892264366149902, -0.8478808403015137, -0.4243253171443939, 0.7387491464614868, -0.7177165746688843, -0.5881425142288208, 0.30814215540885925, 0.7993114590644836, -0.4648910164833069, -0.3848775029182434, -0.09260451793670654, 0.26280999183654785, -1.2474123239517212, -0.2362406849861145, -0.1682315170764923, 0.08512277901172638, 0.4113801121711731, -0.0030068159103393555, 0.17436113953590393, 0.11595191806554794, -0.7022979259490967, -0.9904440641403198, -0.7676085829734802, 0.19045881927013397, 0.02611403726041317, 0.7285070419311523, -0.7543238997459412, 0.5697692036628723, -1.059353232383728, -0.030101433396339417, -0.34947699308395386, 0.37475132942199707, -0.9082522988319397, -0.7072503566741943, -0.17713738977909088, -0.858452558517456, 0.4821208119392395, 0.9849802255630493, -0.4373692274093628, -0.05808008834719658, -1.0874963998794556, 0.07031095027923584, 0.16560158133506775, -0.8090527057647705, -0.22629383206367493, 0.045593470335006714, 0.06868202984333038, 0.9024125337600708, -0.5655887722969055, -0.04001719504594803, -0.0070273298770189285, 0.7710850238800049, -1.247333288192749, -0.6236960887908936, 0.7501566410064697, -0.0847472995519638, -0.10451384633779526, 0.32253527641296387, -1.3667412996292114, 0.6554269790649414, -0.44841697812080383, 0.07295893132686615, 0.512133002281189, 0.1900021731853485, 0.048196498304605484, -0.6819677948951721, -0.1860692799091339, -0.42088764905929565, -0.03482591360807419, -0.20258383452892303, -0.43984314799308777, -0.27490589022636414, 0.381888747215271, -0.9275590181350708, -0.5935931205749512, -0.5649488568305969, 0.20276935398578644, 1.162074089050293, -0.3765678107738495, 0.6861612796783447, -0.8394476175308228, -0.3854164779186249, -1.2656054496765137, 0.5505401492118835, -0.11532381922006607, -0.5555664896965027, -0.5893974304199219, 0.8092633485794067, 0.5549249649047852, -0.853629469871521, -0.03566855192184448, -0.2647993862628937, 0.4525066018104553, -0.747475802898407, 0.9125508666038513, -1.3054686784744263, -0.3370681405067444, -0.7236686944961548, 0.19802187383174896, -0.44517767429351807, 0.6797352433204651, -0.14499211311340332, -0.13653838634490967, -0.14854909479618073, 0.9016625285148621, 0.23566994071006775, 0.2984732687473297, 0.447013795375824, -1.1508020162582397, -0.7189257740974426, -0.8218513131141663, -0.15559804439544678, -0.26372188329696655, -0.07259337604045868, 0.05161339044570923, -0.9692355394363403, 1.0197900533676147, -0.5036007165908813, 0.31825631856918335, 0.22081252932548523, 0.20633330941200256, -0.5137691497802734, 0.02385622262954712, 0.38529497385025024, 0.3615553379058838, 0.3802342414855957, -0.9708850979804993, -0.9221357107162476, -0.15595732629299164, -0.6234700679779053, 0.28439176082611084, -0.809215784072876, -0.8867040872573853, -0.12231805920600891, 0.7405074834823608, 0.41857242584228516, 4.765503406524658, -1.0374404191970825, -1.0546257495880127, 1.0855042934417725, 0.6705881357192993, -0.23720666766166687, 0.2562824785709381, -1.3987692594528198, 0.042758554220199585, 0.4806442856788635, -0.04256821423768997, 0.34556394815444946, 0.3186304569244385, 0.5088500380516052, -0.4487777352333069, -0.4935394823551178, 0.04874345660209656, -0.21847690641880035, 0.32983165979385376, 0.254145085811615, -0.9418535232543945, 0.7789474725723267, -0.7277069687843323, -0.5559848546981812, 0.882179856300354, 0.06631214171648026, 1.435683012008667, 0.12285593152046204, 0.007249750196933746, 1.1327908039093018, 0.9174269437789917, 0.3232531249523163, 0.6717072129249573, 0.17598003149032593, -0.2923840284347534, 1.687603235244751, 0.8553067445755005, -1.806376576423645, 0.06710789352655411, -0.05274828523397446, 1.538384199142456, 1.8139469623565674, 0.9509162306785583, -0.0803612619638443, -0.03292539715766907, -0.3438049256801605, 0.47527188062667847, -0.48153525590896606, 0.7939356565475464, -1.1731399297714233, 0.5084347724914551, -0.7898846864700317, -0.04514358192682266, -0.9680371284484863, -0.73444002866745, -1.1487685441970825, -0.7732778191566467, 0.4111782908439636, -1.1240687370300293, -0.7230405807495117, 0.20765623450279236, -0.23924356698989868, 1.7500578165054321, 0.4951995313167572, 0.7584253549575806, 0.5424085259437561, -1.0567867755889893, -1.2300251722335815, -1.0215284824371338, 1.3363405466079712, 0.1973687708377838, -0.5072934031486511, 0.16674093902111053, 0.006582466885447502, -0.43187862634658813, -0.2836514115333557, -0.4006006717681885, -0.4844183325767517, 0.6663415431976318, -0.549565315246582, 1.7549110651016235, -0.6169630289077759, -0.7506998181343079, -0.16383396089076996, 0.0062318891286849976, -0.7292259335517883, 0.5894907116889954, -1.3512898683547974, 0.6059947609901428, -0.3817180395126343, 0.35031625628471375, 0.15980380773544312, -0.4104214906692505, -0.3459952473640442, -0.08604760468006134, -0.7718753814697266, -0.22817964851856232, -0.2228427529335022, 1.2153371572494507, -0.0046882182359695435, -0.5533852577209473, 0.3972891569137573, 0.31123217940330505, -0.29868096113204956, 1.0493677854537964, 0.5527846813201904, 0.7292646169662476, -0.9707865118980408, -0.8611270189285278, 0.2554135322570801, 0.8109751343727112, 0.8853731155395508, -0.22469164431095123, 0.10258610546588898, 0.7637852430343628, -0.4523753523826599, -0.7774863243103027, -0.25427010655403137, -0.7943631410598755, -0.9254915118217468, 0.22881805896759033, 0.6871315240859985, -0.03549094498157501, -1.0528136491775513, 0.5903339385986328, -1.490389347076416, 0.9098398685455322, 0.2688136100769043, 0.37257206439971924, 1.3557065725326538, -0.250033438205719, -0.5879406332969666, -0.3453525900840759, 0.12881168723106384, 0.7430858612060547, 0.09982143342494965, 0.9510886669158936, 0.16297028958797455, 0.8903892040252686, -0.8295955061912537, 0.6766695976257324, 0.7157501578330994, -0.40210774540901184, -0.17726662755012512, -0.307381272315979, -0.12199750542640686, -0.00034609436988830566, 0.15227586030960083, 0.21496598422527313, -0.011946795508265495, 0.5742524266242981, -0.28957855701446533, -0.09931075572967529, -0.5642277598381042, -0.20621810853481293, -0.4452800154685974, 0.5376549959182739, -1.1051517724990845, 0.14052115380764008, -1.7373991012573242, 0.9365425109863281, -0.20308542251586914, -1.2889564037322998, 0.25763070583343506, 0.32120493054389954, -0.17040416598320007, -0.5674156546592712, 1.1373894214630127, -0.26433348655700684, 0.7140966057777405, 0.6471716165542603, -0.6309101581573486, 0.4247783124446869, -0.7095834016799927, 1.5870893001556396, 0.4565906822681427, 0.4160970449447632, 0.49273592233657837, 0.5618670582771301, -0.7802807092666626, -1.037805438041687, -1.0394163131713867, -0.024173282086849213, -0.05171678960323334, -0.44600704312324524, -0.7099763751029968, 0.13935746252536774, -0.8341959714889526, -0.39877966046333313, -0.45696720480918884, -0.905755877494812, 0.2591080069541931, -0.26713013648986816, 0.671572208404541, 0.44721972942352295, -0.21752667427062988, -1.0619592666625977, -0.9701883792877197, 0.2957089841365814, -0.20964665710926056, 0.20830389857292175, -0.6234639286994934, -0.26758354902267456, -0.31661421060562134, -0.8781636953353882, 0.388103187084198, 0.05311089754104614, 0.5856952667236328, 0.22512079775333405, 0.1654329001903534, 0.31499388813972473, -0.5988904237747192, 0.5842260718345642, -0.200956791639328, -0.5323285460472107, 0.8994820713996887, 0.5640144944190979, -0.5241872072219849, 0.2791527807712555, 0.628341794013977, 0.8731290698051453, -0.8512462973594666, -0.7092199921607971, 0.175358846783638, -0.3275139629840851, 1.140020728111267, 0.9493551850318909, 0.22480614483356476, 1.0045640468597412, 1.1456637382507324, -0.6566370725631714, 0.42859911918640137, -0.7596340179443359, 0.016595087945461273, -0.031357333064079285, 1.6908022165298462, -0.4944062829017639, -0.17704567313194275, -0.18959197402000427, 0.46130043268203735, 0.31002098321914673, 1.189867377281189, -0.8976956605911255, 0.40959131717681885, -0.4938967227935791, -1.0033535957336426, 1.064874291419983, -0.16151763498783112, 0.5146507024765015, -1.0745816230773926, 0.10166463255882263, -0.9046274423599243, -0.44191232323646545, 0.5267475843429565, 0.13496823608875275, -0.26970773935317993, -0.6892634034156799, 1.0582795143127441, -0.2442150115966797, 0.8836669921875, 0.5062505602836609, -1.1404613256454468, -1.5682988166809082, -1.1616345643997192, 1.0259819030761719, -0.16790151596069336, 0.7170625329017639, -0.3477581739425659, -0.595855712890625, -0.11453425884246826, -1.5967857837677002, 1.2635990381240845, 0.22201105952262878, 0.4553469717502594, -0.12657997012138367, -0.8167189955711365, 0.6956806182861328, 1.1087286472320557, 0.3057599663734436, 0.5611052513122559, -1.1734070777893066, 0.2674764096736908, -0.14345985651016235, -0.8873546123504639, -0.5437694787979126, 0.6910072565078735, 0.33573001623153687, 0.5905371308326721, 0.45612266659736633, -0.6016943454742432, -0.1603996455669403, -1.087593913078308, -0.16430623829364777, -1.0978405475616455, 0.760930061340332, -0.13467095792293549, -0.23265396058559418, 0.963833749294281, 1.0823925733566284, 0.8804045915603638, 0.5815443992614746, 0.5934308171272278, 0.3198906183242798, 0.2813444137573242, -1.2052279710769653, 0.11893877387046814, 0.01793331652879715, 0.8267029523849487, 1.1790375709533691, 0.7894604206085205, 0.7825674414634705, -0.990913450717926, 1.331295132637024, -0.9251823425292969, 0.1154329925775528, -0.28599703311920166, -1.1468747854232788, 0.9174172282218933, 0.8369481563568115, -0.16981062293052673, 1.497156023979187, -0.21051211655139923, -0.40536195039749146, 0.356347918510437, 0.11053983122110367, 0.7930210828781128, -1.0231633186340332, 0.522192656993866, -0.31933966279029846, 0.6479531526565552, -1.424770712852478, -0.24077299237251282, 2.580751657485962, 0.5484274625778198, 0.4715019166469574, -0.0936911329627037, 0.10019813477993011, -0.8741998076438904, 1.2970855236053467, 0.13235580921173096, 0.10755528509616852, -0.11562919616699219, -0.7375849485397339, 0.2706833779811859, -0.2834676504135132, 1.6211802959442139, 1.2945237159729004, -0.7339094877243042, -0.8240519762039185, -1.0699907541275024, 0.4554717540740967, 0.3951184153556824, 0.3614678978919983, 0.7471455931663513, 0.5947840213775635, -0.6079096794128418, 0.4209965765476227, 0.04105108976364136, 1.2667222023010254, -1.0960966348648071, 0.2558337450027466, 1.1202771663665771, 0.5401316285133362, 0.2302025705575943, -0.7153263092041016, -0.4242297112941742, 0.762309730052948, -0.421316921710968, 1.5972914695739746, -1.5374596118927002, 0.12593936920166016, -1.6676688194274902, 0.5985164642333984, -0.2978131175041199, 0.4382614493370056, 0.8983097672462463, 0.7616665363311768, 0.7427875399589539, -0.26433566212654114, -0.2607593238353729, -0.5601080060005188, -0.4299065172672272, -0.2983647286891937, -0.39474448561668396, 0.2582504451274872, -0.7765921354293823, -0.44135919213294983, 0.49665480852127075, 1.3960074186325073, -1.5069087743759155, 0.12336191534996033, -0.6900454759597778, -0.8568251132965088, 0.2176641821861267, 0.5435082316398621, 0.7639062404632568, -0.03483453392982483, -0.10279341042041779, -0.596284031867981, 0.28537824749946594, -0.23388071358203888, 2.995967388153076, -1.6556415557861328, 0.9244978427886963, -0.6362404227256775, 0.02169071137905121, 0.9846336841583252, 0.5755757689476013, 0.07911037653684616, -0.03767566382884979, -0.4176224172115326, 0.5994613170623779, -0.6986665725708008, 0.2998819351196289, -0.3131934404373169, -0.0081108957529068, -0.5095705389976501, -1.244001865386963, -0.197147935628891, -0.4437086582183838, 0.27865758538246155, 0.504045307636261, 0.982785701751709, 0.5506178140640259, 0.0777515098452568, 1.0817747116088867, 0.060958974063396454, -0.32672926783561707, 0.4801292419433594, 0.6707198023796082, 0.4953828454017639, 0.6279939413070679, 0.9911012649536133, -0.10438914597034454, 0.39463621377944946, -0.2066081464290619, 0.5157149434089661, -0.5710827708244324, -1.147326946258545, -1.2994600534439087, -0.0344010591506958, 0.8055262565612793, 0.06480886787176132, -0.4832807183265686, 0.05165254324674606, 0.7619054317474365, -0.054983630776405334, 0.4185870587825775, 0.25686314702033997, -0.12366578727960587, 0.05770603567361832, -0.8245099782943726, -0.6148292422294617, -0.24006396532058716, 1.4070446491241455, 0.8559622764587402, 0.09277058392763138, -0.4074000418186188, 0.8863286972045898, -0.07798069715499878, 0.49808013439178467, -0.28637099266052246, -0.2692290246486664, -0.2808432877063751, -0.3811703324317932, 0.9517225623130798, -1.0629417896270752, -0.9363135099411011, 0.7246578335762024, -0.8305525183677673, -0.7830939888954163, -0.6581104397773743, -0.5655968189239502, -0.5052545666694641] is illegal)>
2024-03-22 23:06:27,574 £ü DEBUG £ü milvus_helpers.py £ü __init__ £ü 15 £ü Successfully connect to Milvus with HOST: 152.136.174.19 and PORT: 19530
2024-03-22 23:06:27,644 £ü DEBUG £ü milvus_helpers.py £ü create_collection £ü 45 £ü Create Milvus collection: milvus_collection1
2024-03-22 23:06:27,697 £ü DEBUG £ü decorators.py £ü handler £ü 185 £ü alloc_timestamp unimplemented, ignore it
2024-03-22 23:06:28,236 £ü DEBUG £ü milvus_helpers.py £ü create_index £ü 72 £ü Successfully create index in collection:milvus_collection1 with param:{'metric_type': 'IP', 'index_type': 'IVF_FLAT', 'params': {'nlist': 2048}}
2024-03-22 23:08:47,496 £ü DEBUG £ü milvus_helpers.py £ü insert £ü 58 £ü Insert vectors to Milvus in collection: milvus_collection1 with 3 rows
